{"/Users/ghenry/Documents/github/substreamer-rn/src/services/backupService.ts": {"path":"/Users/ghenry/Documents/github/substreamer-rn/src/services/backupService.ts","statementMap":{"0":{"start":{"line":42,"column":24},"end":{"line":42,"column":33}},"1":{"start":{"line":43,"column":20},"end":{"line":43,"column":21}},"2":{"start":{"line":44,"column":32},"end":{"line":44,"column":51}},"3":{"start":{"line":50,"column":18},"end":{"line":50,"column":64}},"4":{"start":{"line":53,"column":2},"end":{"line":55,"column":3}},"5":{"start":{"line":54,"column":4},"end":{"line":54,"column":23}},"6":{"start":{"line":58,"column":0},"end":{"line":58,"column":16}},"7":{"start":{"line":65,"column":2},"end":{"line":65,"column":78}},"8":{"start":{"line":69,"column":2},"end":{"line":69,"column":29}},"9":{"start":{"line":73,"column":2},"end":{"line":73,"column":32}},"10":{"start":{"line":77,"column":2},"end":{"line":77,"column":27}},"11":{"start":{"line":85,"column":2},"end":{"line":85,"column":18}},"12":{"start":{"line":86,"column":20},"end":{"line":86,"column":35}},"13":{"start":{"line":87,"column":15},"end":{"line":87,"column":36}},"14":{"start":{"line":89,"column":48},"end":{"line":89,"column":52}},"15":{"start":{"line":90,"column":43},"end":{"line":90,"column":47}},"16":{"start":{"line":92,"column":20},"end":{"line":92,"column":72}},"17":{"start":{"line":93,"column":2},"end":{"line":109,"column":3}},"18":{"start":{"line":94,"column":20},"end":{"line":94,"column":73}},"19":{"start":{"line":95,"column":21},"end":{"line":95,"column":65}},"20":{"start":{"line":96,"column":4},"end":{"line":108,"column":5}},"21":{"start":{"line":97,"column":24},"end":{"line":97,"column":84}},"22":{"start":{"line":98,"column":6},"end":{"line":100,"column":7}},"23":{"start":{"line":99,"column":8},"end":{"line":99,"column":62}},"24":{"start":{"line":99,"column":14},"end":{"line":99,"column":32}},"25":{"start":{"line":101,"column":6},"end":{"line":101,"column":29}},"26":{"start":{"line":102,"column":6},"end":{"line":102,"column":72}},"27":{"start":{"line":104,"column":6},"end":{"line":106,"column":7}},"28":{"start":{"line":105,"column":8},"end":{"line":105,"column":61}},"29":{"start":{"line":105,"column":14},"end":{"line":105,"column":31}},"30":{"start":{"line":107,"column":6},"end":{"line":107,"column":14}},"31":{"start":{"line":111,"column":20},"end":{"line":111,"column":58}},"32":{"start":{"line":112,"column":24},"end":{"line":112,"column":53}},"33":{"start":{"line":113,"column":2},"end":{"line":129,"column":3}},"34":{"start":{"line":114,"column":20},"end":{"line":114,"column":68}},"35":{"start":{"line":115,"column":21},"end":{"line":115,"column":60}},"36":{"start":{"line":116,"column":4},"end":{"line":128,"column":5}},"37":{"start":{"line":117,"column":24},"end":{"line":117,"column":84}},"38":{"start":{"line":118,"column":6},"end":{"line":120,"column":7}},"39":{"start":{"line":119,"column":8},"end":{"line":119,"column":62}},"40":{"start":{"line":119,"column":14},"end":{"line":119,"column":32}},"41":{"start":{"line":121,"column":6},"end":{"line":121,"column":29}},"42":{"start":{"line":122,"column":6},"end":{"line":122,"column":64}},"43":{"start":{"line":124,"column":6},"end":{"line":126,"column":7}},"44":{"start":{"line":125,"column":8},"end":{"line":125,"column":61}},"45":{"start":{"line":125,"column":14},"end":{"line":125,"column":31}},"46":{"start":{"line":127,"column":6},"end":{"line":127,"column":14}},"47":{"start":{"line":131,"column":2},"end":{"line":131,"column":42}},"48":{"start":{"line":131,"column":35},"end":{"line":131,"column":42}},"49":{"start":{"line":133,"column":27},"end":{"line":138,"column":3}},"50":{"start":{"line":140,"column":19},"end":{"line":140,"column":58}},"51":{"start":{"line":141,"column":2},"end":{"line":141,"column":39}},"52":{"start":{"line":143,"column":2},"end":{"line":143,"column":55}},"53":{"start":{"line":151,"column":2},"end":{"line":151,"column":18}},"54":{"start":{"line":154,"column":2},"end":{"line":158,"column":3}},"55":{"start":{"line":155,"column":4},"end":{"line":155,"column":56}},"56":{"start":{"line":157,"column":4},"end":{"line":157,"column":14}},"57":{"start":{"line":160,"column":33},"end":{"line":160,"column":35}},"58":{"start":{"line":162,"column":2},"end":{"line":189,"column":3}},"59":{"start":{"line":163,"column":4},"end":{"line":163,"column":47}},"60":{"start":{"line":163,"column":38},"end":{"line":163,"column":47}},"61":{"start":{"line":165,"column":21},"end":{"line":165,"column":46}},"62":{"start":{"line":166,"column":4},"end":{"line":188,"column":5}},"63":{"start":{"line":167,"column":18},"end":{"line":167,"column":39}},"64":{"start":{"line":168,"column":31},"end":{"line":168,"column":46}},"65":{"start":{"line":170,"column":6},"end":{"line":170,"column":39}},"66":{"start":{"line":170,"column":30},"end":{"line":170,"column":39}},"67":{"start":{"line":172,"column":19},"end":{"line":172,"column":52}},"68":{"start":{"line":174,"column":27},"end":{"line":174,"column":96}},"69":{"start":{"line":175,"column":22},"end":{"line":175,"column":90}},"70":{"start":{"line":176,"column":6},"end":{"line":176,"column":46}},"71":{"start":{"line":176,"column":37},"end":{"line":176,"column":46}},"72":{"start":{"line":178,"column":6},"end":{"line":185,"column":9}},"73":{"start":{"line":187,"column":6},"end":{"line":187,"column":15}},"74":{"start":{"line":191,"column":2},"end":{"line":191,"column":65}},"75":{"start":{"line":191,"column":25},"end":{"line":191,"column":63}},"76":{"start":{"line":192,"column":2},"end":{"line":192,"column":17}},"77":{"start":{"line":202,"column":22},"end":{"line":202,"column":23}},"78":{"start":{"line":203,"column":26},"end":{"line":203,"column":27}},"79":{"start":{"line":205,"column":2},"end":{"line":215,"column":3}},"80":{"start":{"line":206,"column":21},"end":{"line":206,"column":71}},"81":{"start":{"line":207,"column":4},"end":{"line":209,"column":5}},"82":{"start":{"line":208,"column":6},"end":{"line":208,"column":61}},"83":{"start":{"line":210,"column":17},"end":{"line":210,"column":55}},"84":{"start":{"line":211,"column":43},"end":{"line":211,"column":59}},"85":{"start":{"line":212,"column":4},"end":{"line":212,"column":71}},"86":{"start":{"line":213,"column":4},"end":{"line":213,"column":53}},"87":{"start":{"line":214,"column":4},"end":{"line":214,"column":37}},"88":{"start":{"line":217,"column":2},"end":{"line":226,"column":3}},"89":{"start":{"line":218,"column":21},"end":{"line":218,"column":66}},"90":{"start":{"line":219,"column":4},"end":{"line":221,"column":5}},"91":{"start":{"line":220,"column":6},"end":{"line":220,"column":66}},"92":{"start":{"line":222,"column":17},"end":{"line":222,"column":55}},"93":{"start":{"line":223,"column":52},"end":{"line":223,"column":68}},"94":{"start":{"line":224,"column":4},"end":{"line":224,"column":46}},"95":{"start":{"line":225,"column":4},"end":{"line":225,"column":54}},"96":{"start":{"line":228,"column":2},"end":{"line":228,"column":46}},"97":{"start":{"line":236,"column":14},"end":{"line":236,"column":33}},"98":{"start":{"line":237,"column":2},"end":{"line":237,"column":33}},"99":{"start":{"line":237,"column":26},"end":{"line":237,"column":33}},"100":{"start":{"line":239,"column":19},"end":{"line":239,"column":34}},"101":{"start":{"line":240,"column":2},"end":{"line":252,"column":3}},"102":{"start":{"line":241,"column":26},"end":{"line":245,"column":5}},"103":{"start":{"line":246,"column":4},"end":{"line":251,"column":5}},"104":{"start":{"line":247,"column":6},"end":{"line":250,"column":35}},"105":{"start":{"line":248,"column":18},"end":{"line":248,"column":43}},"106":{"start":{"line":249,"column":8},"end":{"line":249,"column":33}},"107":{"start":{"line":249,"column":22},"end":{"line":249,"column":33}},"108":{"start":{"line":268,"column":2},"end":{"line":268,"column":18}},"109":{"start":{"line":271,"column":2},"end":{"line":275,"column":3}},"110":{"start":{"line":272,"column":4},"end":{"line":272,"column":56}},"111":{"start":{"line":274,"column":4},"end":{"line":274,"column":11}},"112":{"start":{"line":277,"column":20},"end":{"line":277,"column":37}},"113":{"start":{"line":279,"column":2},"end":{"line":285,"column":3}},"114":{"start":{"line":280,"column":4},"end":{"line":284,"column":5}},"115":{"start":{"line":281,"column":6},"end":{"line":281,"column":77}},"116":{"start":{"line":281,"column":12},"end":{"line":281,"column":47}},"117":{"start":{"line":282,"column":11},"end":{"line":284,"column":5}},"118":{"start":{"line":283,"column":6},"end":{"line":283,"column":55}},"119":{"start":{"line":287,"column":2},"end":{"line":295,"column":3}},"120":{"start":{"line":288,"column":4},"end":{"line":288,"column":40}},"121":{"start":{"line":288,"column":31},"end":{"line":288,"column":40}},"122":{"start":{"line":289,"column":4},"end":{"line":289,"column":46}},"123":{"start":{"line":289,"column":37},"end":{"line":289,"column":46}},"124":{"start":{"line":291,"column":17},"end":{"line":291,"column":60}},"125":{"start":{"line":292,"column":4},"end":{"line":294,"column":5}},"126":{"start":{"line":293,"column":6},"end":{"line":293,"column":77}},"127":{"start":{"line":293,"column":12},"end":{"line":293,"column":47}},"128":{"start":{"line":303,"column":2},"end":{"line":303,"column":31}},"129":{"start":{"line":305,"column":48},"end":{"line":305,"column":70}},"130":{"start":{"line":307,"column":2},"end":{"line":307,"column":33}},"131":{"start":{"line":307,"column":26},"end":{"line":307,"column":33}},"132":{"start":{"line":309,"column":14},"end":{"line":309,"column":24}},"133":{"start":{"line":310,"column":2},"end":{"line":310,"column":79}},"134":{"start":{"line":310,"column":72},"end":{"line":310,"column":79}},"135":{"start":{"line":312,"column":2},"end":{"line":317,"column":3}},"136":{"start":{"line":313,"column":4},"end":{"line":313,"column":25}},"137":{"start":{"line":314,"column":4},"end":{"line":314,"column":25}}},"fnMap":{"0":{"name":"initBackupDir","decl":{"start":{"line":52,"column":16},"end":{"line":52,"column":29}},"loc":{"start":{"line":52,"column":32},"end":{"line":56,"column":1}},"line":52},"1":{"name":"makeTimestamp","decl":{"start":{"line":64,"column":9},"end":{"line":64,"column":22}},"loc":{"start":{"line":64,"column":33},"end":{"line":66,"column":1}},"line":64},"2":{"name":"metaFileName","decl":{"start":{"line":68,"column":9},"end":{"line":68,"column":21}},"loc":{"start":{"line":68,"column":44},"end":{"line":70,"column":1}},"line":68},"3":{"name":"scrobblesFileName","decl":{"start":{"line":72,"column":9},"end":{"line":72,"column":26}},"loc":{"start":{"line":72,"column":49},"end":{"line":74,"column":1}},"line":72},"4":{"name":"mbidFileName","decl":{"start":{"line":76,"column":9},"end":{"line":76,"column":21}},"loc":{"start":{"line":76,"column":44},"end":{"line":78,"column":1}},"line":76},"5":{"name":"createBackup","decl":{"start":{"line":84,"column":22},"end":{"line":84,"column":34}},"loc":{"start":{"line":84,"column":52},"end":{"line":144,"column":1}},"line":84},"6":{"name":"listBackups","decl":{"start":{"line":150,"column":22},"end":{"line":150,"column":33}},"loc":{"start":{"line":150,"column":60},"end":{"line":193,"column":1}},"line":150},"7":{"name":"(anonymous_7)","decl":{"start":{"line":191,"column":15},"end":{"line":191,"column":16}},"loc":{"start":{"line":191,"column":25},"end":{"line":191,"column":63}},"line":191},"8":{"name":"restoreBackup","decl":{"start":{"line":199,"column":22},"end":{"line":199,"column":35}},"loc":{"start":{"line":201,"column":65},"end":{"line":229,"column":1}},"line":201},"9":{"name":"pruneBackups","decl":{"start":{"line":235,"column":22},"end":{"line":235,"column":34}},"loc":{"start":{"line":235,"column":70},"end":{"line":253,"column":1}},"line":235},"10":{"name":"cleanUpOrphanedFiles","decl":{"start":{"line":267,"column":15},"end":{"line":267,"column":35}},"loc":{"start":{"line":267,"column":53},"end":{"line":296,"column":1}},"line":267},"11":{"name":"runAutoBackupIfNeeded","decl":{"start":{"line":302,"column":22},"end":{"line":302,"column":43}},"loc":{"start":{"line":302,"column":61},"end":{"line":318,"column":1}},"line":302}},"branchMap":{"0":{"loc":{"start":{"line":53,"column":2},"end":{"line":55,"column":3}},"type":"if","locations":[{"start":{"line":53,"column":2},"end":{"line":55,"column":3}},{"start":{},"end":{}}],"line":53},"1":{"loc":{"start":{"line":93,"column":2},"end":{"line":109,"column":3}},"type":"if","locations":[{"start":{"line":93,"column":2},"end":{"line":109,"column":3}},{"start":{},"end":{}}],"line":93},"2":{"loc":{"start":{"line":98,"column":6},"end":{"line":100,"column":7}},"type":"if","locations":[{"start":{"line":98,"column":6},"end":{"line":100,"column":7}},{"start":{},"end":{}}],"line":98},"3":{"loc":{"start":{"line":104,"column":6},"end":{"line":106,"column":7}},"type":"if","locations":[{"start":{"line":104,"column":6},"end":{"line":106,"column":7}},{"start":{},"end":{}}],"line":104},"4":{"loc":{"start":{"line":113,"column":2},"end":{"line":129,"column":3}},"type":"if","locations":[{"start":{"line":113,"column":2},"end":{"line":129,"column":3}},{"start":{},"end":{}}],"line":113},"5":{"loc":{"start":{"line":118,"column":6},"end":{"line":120,"column":7}},"type":"if","locations":[{"start":{"line":118,"column":6},"end":{"line":120,"column":7}},{"start":{},"end":{}}],"line":118},"6":{"loc":{"start":{"line":124,"column":6},"end":{"line":126,"column":7}},"type":"if","locations":[{"start":{"line":124,"column":6},"end":{"line":126,"column":7}},{"start":{},"end":{}}],"line":124},"7":{"loc":{"start":{"line":131,"column":2},"end":{"line":131,"column":42}},"type":"if","locations":[{"start":{"line":131,"column":2},"end":{"line":131,"column":42}},{"start":{},"end":{}}],"line":131},"8":{"loc":{"start":{"line":131,"column":6},"end":{"line":131,"column":33}},"type":"binary-expr","locations":[{"start":{"line":131,"column":6},"end":{"line":131,"column":20}},{"start":{"line":131,"column":24},"end":{"line":131,"column":33}}],"line":131},"9":{"loc":{"start":{"line":163,"column":4},"end":{"line":163,"column":47}},"type":"if","locations":[{"start":{"line":163,"column":4},"end":{"line":163,"column":47}},{"start":{},"end":{}}],"line":163},"10":{"loc":{"start":{"line":170,"column":6},"end":{"line":170,"column":39}},"type":"if","locations":[{"start":{"line":170,"column":6},"end":{"line":170,"column":39}},{"start":{},"end":{}}],"line":170},"11":{"loc":{"start":{"line":174,"column":27},"end":{"line":174,"column":96}},"type":"binary-expr","locations":[{"start":{"line":174,"column":27},"end":{"line":174,"column":41}},{"start":{"line":174,"column":45},"end":{"line":174,"column":96}}],"line":174},"12":{"loc":{"start":{"line":175,"column":22},"end":{"line":175,"column":90}},"type":"binary-expr","locations":[{"start":{"line":175,"column":22},"end":{"line":175,"column":40}},{"start":{"line":175,"column":44},"end":{"line":175,"column":90}}],"line":175},"13":{"loc":{"start":{"line":176,"column":6},"end":{"line":176,"column":46}},"type":"if","locations":[{"start":{"line":176,"column":6},"end":{"line":176,"column":46}},{"start":{},"end":{}}],"line":176},"14":{"loc":{"start":{"line":176,"column":10},"end":{"line":176,"column":35}},"type":"binary-expr","locations":[{"start":{"line":176,"column":10},"end":{"line":176,"column":23}},{"start":{"line":176,"column":27},"end":{"line":176,"column":35}}],"line":176},"15":{"loc":{"start":{"line":180,"column":23},"end":{"line":180,"column":53}},"type":"binary-expr","locations":[{"start":{"line":180,"column":23},"end":{"line":180,"column":48}},{"start":{"line":180,"column":52},"end":{"line":180,"column":53}}],"line":180},"16":{"loc":{"start":{"line":181,"column":27},"end":{"line":181,"column":57}},"type":"binary-expr","locations":[{"start":{"line":181,"column":27},"end":{"line":181,"column":52}},{"start":{"line":181,"column":56},"end":{"line":181,"column":57}}],"line":181},"17":{"loc":{"start":{"line":182,"column":27},"end":{"line":182,"column":61}},"type":"binary-expr","locations":[{"start":{"line":182,"column":27},"end":{"line":182,"column":56}},{"start":{"line":182,"column":60},"end":{"line":182,"column":61}}],"line":182},"18":{"loc":{"start":{"line":183,"column":31},"end":{"line":183,"column":65}},"type":"binary-expr","locations":[{"start":{"line":183,"column":31},"end":{"line":183,"column":60}},{"start":{"line":183,"column":64},"end":{"line":183,"column":65}}],"line":183},"19":{"loc":{"start":{"line":205,"column":2},"end":{"line":215,"column":3}},"type":"if","locations":[{"start":{"line":205,"column":2},"end":{"line":215,"column":3}},{"start":{},"end":{}}],"line":205},"20":{"loc":{"start":{"line":207,"column":4},"end":{"line":209,"column":5}},"type":"if","locations":[{"start":{"line":207,"column":4},"end":{"line":209,"column":5}},{"start":{},"end":{}}],"line":207},"21":{"loc":{"start":{"line":217,"column":2},"end":{"line":226,"column":3}},"type":"if","locations":[{"start":{"line":217,"column":2},"end":{"line":226,"column":3}},{"start":{},"end":{}}],"line":217},"22":{"loc":{"start":{"line":219,"column":4},"end":{"line":221,"column":5}},"type":"if","locations":[{"start":{"line":219,"column":4},"end":{"line":221,"column":5}},{"start":{},"end":{}}],"line":219},"23":{"loc":{"start":{"line":235,"column":35},"end":{"line":235,"column":53}},"type":"default-arg","locations":[{"start":{"line":235,"column":42},"end":{"line":235,"column":53}}],"line":235},"24":{"loc":{"start":{"line":237,"column":2},"end":{"line":237,"column":33}},"type":"if","locations":[{"start":{"line":237,"column":2},"end":{"line":237,"column":33}},{"start":{},"end":{}}],"line":237},"25":{"loc":{"start":{"line":249,"column":8},"end":{"line":249,"column":33}},"type":"if","locations":[{"start":{"line":249,"column":8},"end":{"line":249,"column":33}},{"start":{},"end":{}}],"line":249},"26":{"loc":{"start":{"line":280,"column":4},"end":{"line":284,"column":5}},"type":"if","locations":[{"start":{"line":280,"column":4},"end":{"line":284,"column":5}},{"start":{"line":282,"column":11},"end":{"line":284,"column":5}}],"line":280},"27":{"loc":{"start":{"line":282,"column":11},"end":{"line":284,"column":5}},"type":"if","locations":[{"start":{"line":282,"column":11},"end":{"line":284,"column":5}},{"start":{},"end":{}}],"line":282},"28":{"loc":{"start":{"line":288,"column":4},"end":{"line":288,"column":40}},"type":"if","locations":[{"start":{"line":288,"column":4},"end":{"line":288,"column":40}},{"start":{},"end":{}}],"line":288},"29":{"loc":{"start":{"line":289,"column":4},"end":{"line":289,"column":46}},"type":"if","locations":[{"start":{"line":289,"column":4},"end":{"line":289,"column":46}},{"start":{},"end":{}}],"line":289},"30":{"loc":{"start":{"line":292,"column":4},"end":{"line":294,"column":5}},"type":"if","locations":[{"start":{"line":292,"column":4},"end":{"line":294,"column":5}},{"start":{},"end":{}}],"line":292},"31":{"loc":{"start":{"line":292,"column":8},"end":{"line":292,"column":45}},"type":"binary-expr","locations":[{"start":{"line":292,"column":8},"end":{"line":292,"column":21}},{"start":{"line":292,"column":25},"end":{"line":292,"column":45}}],"line":292},"32":{"loc":{"start":{"line":307,"column":2},"end":{"line":307,"column":33}},"type":"if","locations":[{"start":{"line":307,"column":2},"end":{"line":307,"column":33}},{"start":{},"end":{}}],"line":307},"33":{"loc":{"start":{"line":310,"column":2},"end":{"line":310,"column":79}},"type":"if","locations":[{"start":{"line":310,"column":2},"end":{"line":310,"column":79}},{"start":{},"end":{}}],"line":310},"34":{"loc":{"start":{"line":310,"column":6},"end":{"line":310,"column":70}},"type":"binary-expr","locations":[{"start":{"line":310,"column":6},"end":{"line":310,"column":20}},{"start":{"line":310,"column":24},"end":{"line":310,"column":70}}],"line":310}},"s":{"0":2,"1":2,"2":2,"3":2,"4":40,"5":0,"6":2,"7":14,"8":16,"9":50,"10":18,"11":14,"12":14,"13":14,"14":14,"15":14,"16":14,"17":14,"18":10,"19":10,"20":10,"21":10,"22":10,"23":0,"24":0,"25":10,"26":10,"27":0,"28":0,"29":0,"30":0,"31":14,"32":14,"33":14,"34":4,"35":4,"36":4,"37":4,"38":4,"39":0,"40":0,"41":4,"42":4,"43":0,"44":0,"45":0,"46":0,"47":14,"48":2,"49":12,"50":12,"51":12,"52":12,"53":16,"54":16,"55":16,"56":2,"57":14,"58":14,"59":46,"60":22,"61":24,"62":24,"63":24,"64":24,"65":24,"66":2,"67":22,"68":22,"69":22,"70":22,"71":2,"72":20,"73":0,"74":14,"75":14,"76":14,"77":8,"78":8,"79":8,"80":4,"81":4,"82":2,"83":2,"84":2,"85":2,"86":2,"87":2,"88":6,"89":4,"90":4,"91":2,"92":2,"93":2,"94":2,"95":2,"96":4,"97":8,"98":8,"99":6,"100":2,"101":2,"102":4,"103":4,"104":12,"105":12,"106":12,"107":8,"108":8,"109":8,"110":8,"111":0,"112":8,"113":8,"114":0,"115":0,"116":0,"117":0,"118":0,"119":8,"120":0,"121":0,"122":0,"123":0,"124":0,"125":0,"126":0,"127":0,"128":8,"129":8,"130":8,"131":2,"132":6,"133":6,"134":2,"135":4,"136":4,"137":4},"f":{"0":40,"1":14,"2":16,"3":50,"4":18,"5":14,"6":16,"7":14,"8":8,"9":8,"10":8,"11":8},"b":{"0":[0,40],"1":[10,4],"2":[0,10],"3":[0,0],"4":[4,10],"5":[0,4],"6":[0,0],"7":[2,12],"8":[14,4],"9":[22,24],"10":[2,22],"11":[22,22],"12":[22,2],"13":[2,20],"14":[22,2],"15":[20,0],"16":[20,0],"17":[20,18],"18":[20,18],"19":[4,4],"20":[2,2],"21":[4,2],"22":[2,2],"23":[4],"24":[6,2],"25":[8,4],"26":[0,0],"27":[0,0],"28":[0,0],"29":[0,0],"30":[0,0],"31":[0,0],"32":[2,6],"33":[2,4],"34":[6,4]},"_coverageSchema":"1a1c01bbd47fc00a2c39e90264f33305004495a9","hash":"a72a93c5756257d9be0248790c4f6fac68b48ac5"}
,"/Users/ghenry/Documents/github/substreamer-rn/src/services/connectivityService.ts": {"path":"/Users/ghenry/Documents/github/substreamer-rn/src/services/connectivityService.ts","statementMap":{"0":{"start":{"line":7,"column":35},"end":{"line":7,"column":41}},"1":{"start":{"line":8,"column":37},"end":{"line":8,"column":42}},"2":{"start":{"line":9,"column":24},"end":{"line":9,"column":29}},"3":{"start":{"line":10,"column":31},"end":{"line":10,"column":36}},"4":{"start":{"line":12,"column":46},"end":{"line":12,"column":50}},"5":{"start":{"line":13,"column":59},"end":{"line":13,"column":63}},"6":{"start":{"line":14,"column":54},"end":{"line":14,"column":58}},"7":{"start":{"line":15,"column":61},"end":{"line":15,"column":65}},"8":{"start":{"line":16,"column":19},"end":{"line":16,"column":23}},"9":{"start":{"line":17,"column":19},"end":{"line":17,"column":24}},"10":{"start":{"line":20,"column":2},"end":{"line":23,"column":3}},"11":{"start":{"line":21,"column":4},"end":{"line":21,"column":28}},"12":{"start":{"line":22,"column":4},"end":{"line":22,"column":21}},"13":{"start":{"line":27,"column":2},"end":{"line":30,"column":3}},"14":{"start":{"line":28,"column":4},"end":{"line":28,"column":35}},"15":{"start":{"line":29,"column":4},"end":{"line":29,"column":28}},"16":{"start":{"line":34,"column":2},"end":{"line":34,"column":19}},"17":{"start":{"line":35,"column":32},"end":{"line":35,"column":60}},"18":{"start":{"line":36,"column":19},"end":{"line":38,"column":34}},"19":{"start":{"line":39,"column":2},"end":{"line":41,"column":15}},"20":{"start":{"line":40,"column":4},"end":{"line":40,"column":17}},"21":{"start":{"line":45,"column":2},"end":{"line":51,"column":5}},"22":{"start":{"line":46,"column":18},"end":{"line":46,"column":73}},"23":{"start":{"line":46,"column":35},"end":{"line":46,"column":68}},"24":{"start":{"line":47,"column":4},"end":{"line":50,"column":6}},"25":{"start":{"line":48,"column":17},"end":{"line":48,"column":37}},"26":{"start":{"line":48,"column":38},"end":{"line":48,"column":51}},"27":{"start":{"line":49,"column":17},"end":{"line":49,"column":37}},"28":{"start":{"line":49,"column":38},"end":{"line":49,"column":50}},"29":{"start":{"line":55,"column":2},"end":{"line":55,"column":27}},"30":{"start":{"line":55,"column":20},"end":{"line":55,"column":27}},"31":{"start":{"line":57,"column":14},"end":{"line":57,"column":22}},"32":{"start":{"line":58,"column":2},"end":{"line":61,"column":3}},"33":{"start":{"line":59,"column":4},"end":{"line":59,"column":19}},"34":{"start":{"line":60,"column":4},"end":{"line":60,"column":11}},"35":{"start":{"line":63,"column":2},"end":{"line":63,"column":22}},"36":{"start":{"line":64,"column":2},"end":{"line":71,"column":3}},"37":{"start":{"line":65,"column":21},"end":{"line":65,"column":67}},"38":{"start":{"line":66,"column":4},"end":{"line":66,"column":49}},"39":{"start":{"line":68,"column":4},"end":{"line":68,"column":30}},"40":{"start":{"line":70,"column":4},"end":{"line":70,"column":25}},"41":{"start":{"line":75,"column":16},"end":{"line":75,"column":44}},"42":{"start":{"line":76,"column":23},"end":{"line":76,"column":46}},"43":{"start":{"line":78,"column":2},"end":{"line":78,"column":38}},"44":{"start":{"line":80,"column":2},"end":{"line":82,"column":3}},"45":{"start":{"line":81,"column":4},"end":{"line":81,"column":37}},"46":{"start":{"line":84,"column":2},"end":{"line":93,"column":3}},"47":{"start":{"line":85,"column":4},"end":{"line":85,"column":28}},"48":{"start":{"line":86,"column":4},"end":{"line":86,"column":40}},"49":{"start":{"line":87,"column":4},"end":{"line":89,"column":31}},"50":{"start":{"line":88,"column":6},"end":{"line":88,"column":60}},"51":{"start":{"line":90,"column":9},"end":{"line":93,"column":3}},"52":{"start":{"line":91,"column":4},"end":{"line":91,"column":28}},"53":{"start":{"line":92,"column":4},"end":{"line":92,"column":40}},"54":{"start":{"line":95,"column":2},"end":{"line":95,"column":23}},"55":{"start":{"line":96,"column":2},"end":{"line":96,"column":17}},"56":{"start":{"line":100,"column":20},"end":{"line":100,"column":53}},"57":{"start":{"line":101,"column":2},"end":{"line":101,"column":63}},"58":{"start":{"line":105,"column":2},"end":{"line":108,"column":3}},"59":{"start":{"line":106,"column":4},"end":{"line":106,"column":21}},"60":{"start":{"line":107,"column":4},"end":{"line":107,"column":17}},"61":{"start":{"line":112,"column":2},"end":{"line":112,"column":33}},"62":{"start":{"line":112,"column":26},"end":{"line":112,"column":33}},"63":{"start":{"line":114,"column":2},"end":{"line":114,"column":22}},"64":{"start":{"line":115,"column":2},"end":{"line":115,"column":23}},"65":{"start":{"line":117,"column":2},"end":{"line":117,"column":69}},"66":{"start":{"line":119,"column":2},"end":{"line":124,"column":5}},"67":{"start":{"line":120,"column":4},"end":{"line":123,"column":5}},"68":{"start":{"line":121,"column":6},"end":{"line":121,"column":23}},"69":{"start":{"line":122,"column":6},"end":{"line":122,"column":19}},"70":{"start":{"line":128,"column":2},"end":{"line":131,"column":3}},"71":{"start":{"line":129,"column":4},"end":{"line":129,"column":25}},"72":{"start":{"line":130,"column":4},"end":{"line":130,"column":30}},"73":{"start":{"line":132,"column":2},"end":{"line":135,"column":3}},"74":{"start":{"line":133,"column":4},"end":{"line":133,"column":34}},"75":{"start":{"line":134,"column":4},"end":{"line":134,"column":32}},"76":{"start":{"line":136,"column":2},"end":{"line":136,"column":19}},"77":{"start":{"line":137,"column":2},"end":{"line":137,"column":26}},"78":{"start":{"line":139,"column":16},"end":{"line":139,"column":44}},"79":{"start":{"line":140,"column":2},"end":{"line":140,"column":35}},"80":{"start":{"line":141,"column":2},"end":{"line":141,"column":33}},"81":{"start":{"line":142,"column":2},"end":{"line":142,"column":33}},"82":{"start":{"line":143,"column":2},"end":{"line":143,"column":22}},"83":{"start":{"line":144,"column":2},"end":{"line":144,"column":23}}},"fnMap":{"0":{"name":"clearPingTimer","decl":{"start":{"line":19,"column":9},"end":{"line":19,"column":23}},"loc":{"start":{"line":19,"column":32},"end":{"line":24,"column":1}},"line":19},"1":{"name":"clearReconnectedTimer","decl":{"start":{"line":26,"column":9},"end":{"line":26,"column":30}},"loc":{"start":{"line":26,"column":39},"end":{"line":31,"column":1}},"line":26},"2":{"name":"schedulePing","decl":{"start":{"line":33,"column":9},"end":{"line":33,"column":21}},"loc":{"start":{"line":33,"column":30},"end":{"line":42,"column":1}},"line":33},"3":{"name":"(anonymous_3)","decl":{"start":{"line":39,"column":25},"end":{"line":39,"column":26}},"loc":{"start":{"line":39,"column":31},"end":{"line":41,"column":3}},"line":39},"4":{"name":"withTimeout","decl":{"start":{"line":44,"column":9},"end":{"line":44,"column":20}},"loc":{"start":{"line":44,"column":69},"end":{"line":52,"column":1}},"line":44},"5":{"name":"(anonymous_5)","decl":{"start":{"line":45,"column":24},"end":{"line":45,"column":25}},"loc":{"start":{"line":45,"column":45},"end":{"line":51,"column":3}},"line":45},"6":{"name":"(anonymous_6)","decl":{"start":{"line":46,"column":29},"end":{"line":46,"column":30}},"loc":{"start":{"line":46,"column":35},"end":{"line":46,"column":68}},"line":46},"7":{"name":"(anonymous_7)","decl":{"start":{"line":48,"column":6},"end":{"line":48,"column":7}},"loc":{"start":{"line":48,"column":15},"end":{"line":48,"column":53}},"line":48},"8":{"name":"(anonymous_8)","decl":{"start":{"line":49,"column":6},"end":{"line":49,"column":7}},"loc":{"start":{"line":49,"column":15},"end":{"line":49,"column":52}},"line":49},"9":{"name":"pingServer","decl":{"start":{"line":54,"column":15},"end":{"line":54,"column":25}},"loc":{"start":{"line":54,"column":43},"end":{"line":72,"column":1}},"line":54},"10":{"name":"handleServerResult","decl":{"start":{"line":74,"column":9},"end":{"line":74,"column":27}},"loc":{"start":{"line":74,"column":54},"end":{"line":97,"column":1}},"line":74},"11":{"name":"(anonymous_11)","decl":{"start":{"line":87,"column":34},"end":{"line":87,"column":35}},"loc":{"start":{"line":87,"column":40},"end":{"line":89,"column":5}},"line":87},"12":{"name":"handleNetInfoChange","decl":{"start":{"line":99,"column":9},"end":{"line":99,"column":28}},"loc":{"start":{"line":99,"column":56},"end":{"line":109,"column":1}},"line":99},"13":{"name":"startMonitoring","decl":{"start":{"line":111,"column":16},"end":{"line":111,"column":31}},"loc":{"start":{"line":111,"column":40},"end":{"line":125,"column":1}},"line":111},"14":{"name":"(anonymous_14)","decl":{"start":{"line":119,"column":61},"end":{"line":119,"column":62}},"loc":{"start":{"line":119,"column":71},"end":{"line":124,"column":3}},"line":119},"15":{"name":"stopMonitoring","decl":{"start":{"line":127,"column":16},"end":{"line":127,"column":30}},"loc":{"start":{"line":127,"column":39},"end":{"line":145,"column":1}},"line":127}},"branchMap":{"0":{"loc":{"start":{"line":20,"column":2},"end":{"line":23,"column":3}},"type":"if","locations":[{"start":{"line":20,"column":2},"end":{"line":23,"column":3}},{"start":{},"end":{}}],"line":20},"1":{"loc":{"start":{"line":27,"column":2},"end":{"line":30,"column":3}},"type":"if","locations":[{"start":{"line":27,"column":2},"end":{"line":30,"column":3}},{"start":{},"end":{}}],"line":27},"2":{"loc":{"start":{"line":36,"column":19},"end":{"line":38,"column":34}},"type":"cond-expr","locations":[{"start":{"line":37,"column":6},"end":{"line":37,"column":32}},{"start":{"line":38,"column":6},"end":{"line":38,"column":34}}],"line":36},"3":{"loc":{"start":{"line":55,"column":2},"end":{"line":55,"column":27}},"type":"if","locations":[{"start":{"line":55,"column":2},"end":{"line":55,"column":27}},{"start":{},"end":{}}],"line":55},"4":{"loc":{"start":{"line":58,"column":2},"end":{"line":61,"column":3}},"type":"if","locations":[{"start":{"line":58,"column":2},"end":{"line":61,"column":3}},{"start":{},"end":{}}],"line":58},"5":{"loc":{"start":{"line":80,"column":2},"end":{"line":82,"column":3}},"type":"if","locations":[{"start":{"line":80,"column":2},"end":{"line":82,"column":3}},{"start":{},"end":{}}],"line":80},"6":{"loc":{"start":{"line":84,"column":2},"end":{"line":93,"column":3}},"type":"if","locations":[{"start":{"line":84,"column":2},"end":{"line":93,"column":3}},{"start":{"line":90,"column":9},"end":{"line":93,"column":3}}],"line":84},"7":{"loc":{"start":{"line":84,"column":6},"end":{"line":84,"column":49}},"type":"binary-expr","locations":[{"start":{"line":84,"column":6},"end":{"line":84,"column":15}},{"start":{"line":84,"column":19},"end":{"line":84,"column":32}},{"start":{"line":84,"column":36},"end":{"line":84,"column":49}}],"line":84},"8":{"loc":{"start":{"line":90,"column":9},"end":{"line":93,"column":3}},"type":"if","locations":[{"start":{"line":90,"column":9},"end":{"line":93,"column":3}},{"start":{},"end":{}}],"line":90},"9":{"loc":{"start":{"line":100,"column":20},"end":{"line":100,"column":53}},"type":"binary-expr","locations":[{"start":{"line":100,"column":20},"end":{"line":100,"column":45}},{"start":{"line":100,"column":49},"end":{"line":100,"column":53}}],"line":100},"10":{"loc":{"start":{"line":105,"column":2},"end":{"line":108,"column":3}},"type":"if","locations":[{"start":{"line":105,"column":2},"end":{"line":108,"column":3}},{"start":{},"end":{}}],"line":105},"11":{"loc":{"start":{"line":112,"column":2},"end":{"line":112,"column":33}},"type":"if","locations":[{"start":{"line":112,"column":2},"end":{"line":112,"column":33}},{"start":{},"end":{}}],"line":112},"12":{"loc":{"start":{"line":120,"column":4},"end":{"line":123,"column":5}},"type":"if","locations":[{"start":{"line":120,"column":4},"end":{"line":123,"column":5}},{"start":{},"end":{}}],"line":120},"13":{"loc":{"start":{"line":128,"column":2},"end":{"line":131,"column":3}},"type":"if","locations":[{"start":{"line":128,"column":2},"end":{"line":131,"column":3}},{"start":{},"end":{}}],"line":128},"14":{"loc":{"start":{"line":132,"column":2},"end":{"line":135,"column":3}},"type":"if","locations":[{"start":{"line":132,"column":2},"end":{"line":135,"column":3}},{"start":{},"end":{}}],"line":132}},"s":{"0":2,"1":2,"2":2,"3":2,"4":2,"5":2,"6":2,"7":2,"8":2,"9":2,"10":104,"11":24,"12":24,"13":74,"14":4,"15":4,"16":24,"17":24,"18":24,"19":24,"20":4,"21":22,"22":22,"23":0,"24":22,"25":14,"26":14,"27":8,"28":8,"29":24,"30":0,"31":24,"32":24,"33":2,"34":2,"35":22,"36":22,"37":22,"38":14,"39":8,"40":22,"41":22,"42":22,"43":22,"44":22,"45":12,"46":22,"47":4,"48":4,"49":4,"50":2,"51":18,"52":10,"53":10,"54":22,"55":22,"56":18,"57":18,"58":18,"59":18,"60":18,"61":28,"62":2,"63":26,"64":26,"65":26,"66":26,"67":2,"68":2,"69":2,"70":60,"71":26,"72":26,"73":60,"74":26,"75":26,"76":60,"77":60,"78":60,"79":60,"80":60,"81":60,"82":60,"83":60},"f":{"0":104,"1":74,"2":24,"3":4,"4":22,"5":22,"6":0,"7":14,"8":8,"9":24,"10":22,"11":2,"12":18,"13":28,"14":2,"15":60},"b":{"0":[24,80],"1":[4,70],"2":[14,10],"3":[0,24],"4":[2,22],"5":[12,10],"6":[4,18],"7":[22,12,4],"8":[10,8],"9":[18,2],"10":[18,0],"11":[2,26],"12":[2,0],"13":[26,34],"14":[26,34]},"_coverageSchema":"1a1c01bbd47fc00a2c39e90264f33305004495a9","hash":"dadf92c32af30184eb02d470c976dcb21c7385ae"}
,"/Users/ghenry/Documents/github/substreamer-rn/src/services/downloadSpeedTracker.ts": {"path":"/Users/ghenry/Documents/github/substreamer-rn/src/services/downloadSpeedTracker.ts","statementMap":{"0":{"start":{"line":12,"column":18},"end":{"line":12,"column":24}},"1":{"start":{"line":19,"column":25},"end":{"line":19,"column":50}},"2":{"start":{"line":20,"column":31},"end":{"line":20,"column":33}},"3":{"start":{"line":27,"column":20},"end":{"line":27,"column":37}},"4":{"start":{"line":30,"column":17},"end":{"line":30,"column":39}},"5":{"start":{"line":31,"column":2},"end":{"line":33,"column":3}},"6":{"start":{"line":32,"column":4},"end":{"line":32,"column":20}},"7":{"start":{"line":36,"column":0},"end":{"line":47,"column":3}},"8":{"start":{"line":37,"column":2},"end":{"line":37,"column":48}},"9":{"start":{"line":37,"column":41},"end":{"line":37,"column":48}},"10":{"start":{"line":39,"column":15},"end":{"line":39,"column":58}},"11":{"start":{"line":40,"column":16},"end":{"line":40,"column":41}},"12":{"start":{"line":41,"column":2},"end":{"line":41,"column":61}},"13":{"start":{"line":43,"column":2},"end":{"line":46,"column":3}},"14":{"start":{"line":44,"column":4},"end":{"line":44,"column":53}},"15":{"start":{"line":45,"column":4},"end":{"line":45,"column":22}},"16":{"start":{"line":54,"column":2},"end":{"line":54,"column":20}},"17":{"start":{"line":55,"column":2},"end":{"line":55,"column":35}},"18":{"start":{"line":55,"column":26},"end":{"line":55,"column":35}},"19":{"start":{"line":56,"column":21},"end":{"line":56,"column":65}},"20":{"start":{"line":56,"column":48},"end":{"line":56,"column":61}},"21":{"start":{"line":57,"column":18},"end":{"line":57,"column":55}},"22":{"start":{"line":58,"column":2},"end":{"line":58,"column":29}},"23":{"start":{"line":58,"column":20},"end":{"line":58,"column":29}},"24":{"start":{"line":59,"column":2},"end":{"line":59,"column":30}},"25":{"start":{"line":67,"column":2},"end":{"line":67,"column":31}},"26":{"start":{"line":76,"column":2},"end":{"line":76,"column":33}},"27":{"start":{"line":77,"column":2},"end":{"line":77,"column":38}},"28":{"start":{"line":86,"column":2},"end":{"line":86,"column":38}},"29":{"start":{"line":87,"column":2},"end":{"line":87,"column":30}},"30":{"start":{"line":95,"column":2},"end":{"line":95,"column":27}},"31":{"start":{"line":96,"column":2},"end":{"line":96,"column":21}},"32":{"start":{"line":97,"column":2},"end":{"line":97,"column":22}}},"fnMap":{"0":{"name":"pruneOldSamples","decl":{"start":{"line":29,"column":9},"end":{"line":29,"column":24}},"loc":{"start":{"line":29,"column":33},"end":{"line":34,"column":1}},"line":29},"1":{"name":"(anonymous_1)","decl":{"start":{"line":36,"column":28},"end":{"line":36,"column":29}},"loc":{"start":{"line":36,"column":39},"end":{"line":47,"column":1}},"line":36},"2":{"name":"getDownloadSpeed","decl":{"start":{"line":53,"column":16},"end":{"line":53,"column":32}},"loc":{"start":{"line":53,"column":43},"end":{"line":60,"column":1}},"line":53},"3":{"name":"(anonymous_3)","decl":{"start":{"line":56,"column":36},"end":{"line":56,"column":37}},"loc":{"start":{"line":56,"column":48},"end":{"line":56,"column":61}},"line":56},"4":{"name":"getActiveDownloadCount","decl":{"start":{"line":66,"column":16},"end":{"line":66,"column":38}},"loc":{"start":{"line":66,"column":49},"end":{"line":68,"column":1}},"line":66},"5":{"name":"beginDownload","decl":{"start":{"line":75,"column":16},"end":{"line":75,"column":29}},"loc":{"start":{"line":75,"column":56},"end":{"line":78,"column":1}},"line":75},"6":{"name":"clearDownload","decl":{"start":{"line":85,"column":16},"end":{"line":85,"column":29}},"loc":{"start":{"line":85,"column":56},"end":{"line":88,"column":1}},"line":85},"7":{"name":"__resetForTesting","decl":{"start":{"line":94,"column":16},"end":{"line":94,"column":33}},"loc":{"start":{"line":94,"column":42},"end":{"line":98,"column":1}},"line":94}},"branchMap":{"0":{"loc":{"start":{"line":31,"column":9},"end":{"line":31,"column":55}},"type":"binary-expr","locations":[{"start":{"line":31,"column":9},"end":{"line":31,"column":27}},{"start":{"line":31,"column":31},"end":{"line":31,"column":55}}],"line":31},"1":{"loc":{"start":{"line":37,"column":2},"end":{"line":37,"column":48}},"type":"if","locations":[{"start":{"line":37,"column":2},"end":{"line":37,"column":48}},{"start":{},"end":{}}],"line":37},"2":{"loc":{"start":{"line":39,"column":15},"end":{"line":39,"column":58}},"type":"binary-expr","locations":[{"start":{"line":39,"column":15},"end":{"line":39,"column":53}},{"start":{"line":39,"column":57},"end":{"line":39,"column":58}}],"line":39},"3":{"loc":{"start":{"line":43,"column":2},"end":{"line":46,"column":3}},"type":"if","locations":[{"start":{"line":43,"column":2},"end":{"line":46,"column":3}},{"start":{},"end":{}}],"line":43},"4":{"loc":{"start":{"line":55,"column":2},"end":{"line":55,"column":35}},"type":"if","locations":[{"start":{"line":55,"column":2},"end":{"line":55,"column":35}},{"start":{},"end":{}}],"line":55},"5":{"loc":{"start":{"line":58,"column":2},"end":{"line":58,"column":29}},"type":"if","locations":[{"start":{"line":58,"column":2},"end":{"line":58,"column":29}},{"start":{},"end":{}}],"line":58}},"s":{"0":2,"1":2,"2":2,"3":2,"4":34,"5":34,"6":2,"7":2,"8":36,"9":2,"10":34,"11":34,"12":34,"13":34,"14":24,"15":24,"16":10,"17":10,"18":6,"19":4,"20":8,"21":4,"22":4,"23":0,"24":4,"25":14,"26":20,"27":20,"28":20,"29":20,"30":18,"31":18,"32":18},"f":{"0":34,"1":36,"2":10,"3":8,"4":14,"5":20,"6":20,"7":18},"b":{"0":[36,34],"1":[2,34],"2":[34,20],"3":[24,10],"4":[6,4],"5":[0,4]},"_coverageSchema":"1a1c01bbd47fc00a2c39e90264f33305004495a9","hash":"1adb1e3cf74de9815df5a13e486acd599284d37a"}
,"/Users/ghenry/Documents/github/substreamer-rn/src/services/imageCacheService.ts": {"path":"/Users/ghenry/Documents/github/substreamer-rn/src/services/imageCacheService.ts","statementMap":{"0":{"start":{"line":39,"column":27},"end":{"line":39,"column":55}},"1":{"start":{"line":42,"column":20},"end":{"line":42,"column":23}},"2":{"start":{"line":45,"column":21},"end":{"line":45,"column":44}},"3":{"start":{"line":48,"column":19},"end":{"line":48,"column":53}},"4":{"start":{"line":51,"column":44},"end":{"line":55,"column":1}},"5":{"start":{"line":58,"column":24},"end":{"line":58,"column":27}},"6":{"start":{"line":64,"column":33},"end":{"line":64,"column":37}},"7":{"start":{"line":65,"column":19},"end":{"line":65,"column":24}},"8":{"start":{"line":66,"column":58},"end":{"line":66,"column":62}},"9":{"start":{"line":69,"column":20},"end":{"line":69,"column":37}},"10":{"start":{"line":72,"column":32},"end":{"line":72,"column":34}},"11":{"start":{"line":79,"column":25},"end":{"line":79,"column":58}},"12":{"start":{"line":85,"column":17},"end":{"line":85,"column":49}},"13":{"start":{"line":88,"column":2},"end":{"line":88,"column":33}},"14":{"start":{"line":105,"column":2},"end":{"line":105,"column":23}},"15":{"start":{"line":105,"column":16},"end":{"line":105,"column":23}},"16":{"start":{"line":106,"column":14},"end":{"line":106,"column":58}},"17":{"start":{"line":107,"column":2},"end":{"line":109,"column":3}},"18":{"start":{"line":108,"column":4},"end":{"line":108,"column":17}},"19":{"start":{"line":110,"column":2},"end":{"line":110,"column":17}},"20":{"start":{"line":112,"column":2},"end":{"line":118,"column":3}},"21":{"start":{"line":113,"column":4},"end":{"line":117,"column":7}},"22":{"start":{"line":114,"column":6},"end":{"line":116,"column":7}},"23":{"start":{"line":115,"column":8},"end":{"line":115,"column":44}},"24":{"start":{"line":130,"column":2},"end":{"line":130,"column":44}},"25":{"start":{"line":135,"column":2},"end":{"line":135,"column":34}},"26":{"start":{"line":135,"column":17},"end":{"line":135,"column":34}},"27":{"start":{"line":136,"column":2},"end":{"line":136,"column":19}},"28":{"start":{"line":152,"column":2},"end":{"line":152,"column":27}},"29":{"start":{"line":152,"column":20},"end":{"line":152,"column":27}},"30":{"start":{"line":154,"column":14},"end":{"line":154,"column":30}},"31":{"start":{"line":156,"column":2},"end":{"line":160,"column":3}},"32":{"start":{"line":157,"column":4},"end":{"line":157,"column":52}},"33":{"start":{"line":159,"column":4},"end":{"line":159,"column":11}},"34":{"start":{"line":162,"column":2},"end":{"line":193,"column":3}},"35":{"start":{"line":163,"column":4},"end":{"line":163,"column":30}},"36":{"start":{"line":163,"column":21},"end":{"line":163,"column":30}},"37":{"start":{"line":165,"column":19},"end":{"line":165,"column":49}},"38":{"start":{"line":166,"column":4},"end":{"line":166,"column":33}},"39":{"start":{"line":166,"column":24},"end":{"line":166,"column":33}},"40":{"start":{"line":168,"column":17},"end":{"line":168,"column":22}},"41":{"start":{"line":169,"column":24},"end":{"line":169,"column":25}},"42":{"start":{"line":171,"column":4},"end":{"line":183,"column":5}},"43":{"start":{"line":172,"column":24},"end":{"line":172,"column":60}},"44":{"start":{"line":173,"column":6},"end":{"line":180,"column":7}},"45":{"start":{"line":174,"column":8},"end":{"line":179,"column":9}},"46":{"start":{"line":175,"column":10},"end":{"line":175,"column":24}},"47":{"start":{"line":176,"column":10},"end":{"line":176,"column":78}},"48":{"start":{"line":176,"column":16},"end":{"line":176,"column":48}},"49":{"start":{"line":178,"column":10},"end":{"line":178,"column":26}},"50":{"start":{"line":182,"column":6},"end":{"line":182,"column":15}},"51":{"start":{"line":185,"column":4},"end":{"line":192,"column":5}},"52":{"start":{"line":186,"column":6},"end":{"line":191,"column":7}},"53":{"start":{"line":187,"column":8},"end":{"line":189,"column":9}},"54":{"start":{"line":188,"column":10},"end":{"line":188,"column":54}},"55":{"start":{"line":190,"column":8},"end":{"line":190,"column":39}},"56":{"start":{"line":195,"column":2},"end":{"line":197,"column":3}},"57":{"start":{"line":196,"column":4},"end":{"line":196,"column":19}},"58":{"start":{"line":212,"column":2},"end":{"line":212,"column":31}},"59":{"start":{"line":212,"column":19},"end":{"line":212,"column":31}},"60":{"start":{"line":213,"column":2},"end":{"line":213,"column":47}},"61":{"start":{"line":215,"column":14},"end":{"line":215,"column":43}},"62":{"start":{"line":216,"column":2},"end":{"line":216,"column":51}},"63":{"start":{"line":216,"column":25},"end":{"line":216,"column":51}},"64":{"start":{"line":218,"column":17},"end":{"line":218,"column":60}},"65":{"start":{"line":219,"column":2},"end":{"line":222,"column":3}},"66":{"start":{"line":220,"column":4},"end":{"line":220,"column":28}},"67":{"start":{"line":221,"column":4},"end":{"line":221,"column":16}},"68":{"start":{"line":223,"column":2},"end":{"line":229,"column":3}},"69":{"start":{"line":224,"column":17},"end":{"line":224,"column":50}},"70":{"start":{"line":225,"column":4},"end":{"line":228,"column":5}},"71":{"start":{"line":226,"column":6},"end":{"line":226,"column":34}},"72":{"start":{"line":227,"column":6},"end":{"line":227,"column":22}},"73":{"start":{"line":230,"column":2},"end":{"line":230,"column":26}},"74":{"start":{"line":231,"column":2},"end":{"line":231,"column":14}},"75":{"start":{"line":239,"column":2},"end":{"line":239,"column":47}},"76":{"start":{"line":240,"column":2},"end":{"line":240,"column":49}},"77":{"start":{"line":249,"column":20},"end":{"line":249,"column":52}},"78":{"start":{"line":250,"column":2},"end":{"line":253,"column":3}},"79":{"start":{"line":251,"column":4},"end":{"line":251,"column":47}},"80":{"start":{"line":251,"column":37},"end":{"line":251,"column":47}},"81":{"start":{"line":252,"column":4},"end":{"line":252,"column":40}},"82":{"start":{"line":258,"column":2},"end":{"line":260,"column":3}},"83":{"start":{"line":259,"column":4},"end":{"line":259,"column":47}},"84":{"start":{"line":259,"column":37},"end":{"line":259,"column":47}},"85":{"start":{"line":261,"column":2},"end":{"line":261,"column":27}},"86":{"start":{"line":270,"column":2},"end":{"line":270,"column":44}},"87":{"start":{"line":270,"column":19},"end":{"line":270,"column":44}},"88":{"start":{"line":271,"column":2},"end":{"line":271,"column":47}},"89":{"start":{"line":273,"column":20},"end":{"line":275,"column":3}},"90":{"start":{"line":274,"column":11},"end":{"line":274,"column":51}},"91":{"start":{"line":276,"column":2},"end":{"line":276,"column":42}},"92":{"start":{"line":276,"column":17},"end":{"line":276,"column":42}},"93":{"start":{"line":278,"column":2},"end":{"line":289,"column":5}},"94":{"start":{"line":279,"column":17},"end":{"line":279,"column":55}},"95":{"start":{"line":280,"column":4},"end":{"line":280,"column":23}},"96":{"start":{"line":281,"column":4},"end":{"line":281,"column":43}},"97":{"start":{"line":283,"column":4},"end":{"line":285,"column":5}},"98":{"start":{"line":284,"column":6},"end":{"line":284,"column":13}},"99":{"start":{"line":287,"column":4},"end":{"line":287,"column":35}},"100":{"start":{"line":288,"column":4},"end":{"line":288,"column":19}},"101":{"start":{"line":301,"column":2},"end":{"line":301,"column":27}},"102":{"start":{"line":301,"column":20},"end":{"line":301,"column":27}},"103":{"start":{"line":302,"column":2},"end":{"line":302,"column":22}},"104":{"start":{"line":303,"column":2},"end":{"line":318,"column":3}},"105":{"start":{"line":304,"column":4},"end":{"line":315,"column":5}},"106":{"start":{"line":305,"column":46},"end":{"line":305,"column":72}},"107":{"start":{"line":306,"column":26},"end":{"line":309,"column":7}},"108":{"start":{"line":310,"column":22},"end":{"line":313,"column":7}},"109":{"start":{"line":312,"column":14},"end":{"line":312,"column":27}},"110":{"start":{"line":314,"column":6},"end":{"line":314,"column":33}},"111":{"start":{"line":317,"column":4},"end":{"line":317,"column":25}},"112":{"start":{"line":325,"column":2},"end":{"line":343,"column":3}},"113":{"start":{"line":326,"column":23},"end":{"line":326,"column":45}},"114":{"start":{"line":327,"column":4},"end":{"line":329,"column":5}},"115":{"start":{"line":328,"column":6},"end":{"line":328,"column":15}},"116":{"start":{"line":330,"column":4},"end":{"line":330,"column":32}},"117":{"start":{"line":331,"column":4},"end":{"line":342,"column":5}},"118":{"start":{"line":332,"column":6},"end":{"line":332,"column":46}},"119":{"start":{"line":336,"column":6},"end":{"line":336,"column":37}},"120":{"start":{"line":337,"column":6},"end":{"line":340,"column":7}},"121":{"start":{"line":338,"column":8},"end":{"line":338,"column":52}},"122":{"start":{"line":339,"column":8},"end":{"line":339,"column":41}},"123":{"start":{"line":341,"column":6},"end":{"line":341,"column":33}},"124":{"start":{"line":355,"column":17},"end":{"line":355,"column":60}},"125":{"start":{"line":356,"column":2},"end":{"line":356,"column":38}},"126":{"start":{"line":356,"column":22},"end":{"line":356,"column":38}},"127":{"start":{"line":358,"column":21},"end":{"line":358,"column":63}},"128":{"start":{"line":359,"column":2},"end":{"line":362,"column":3}},"129":{"start":{"line":360,"column":4},"end":{"line":360,"column":65}},"130":{"start":{"line":361,"column":4},"end":{"line":361,"column":30}},"131":{"start":{"line":361,"column":23},"end":{"line":361,"column":30}},"132":{"start":{"line":364,"column":2},"end":{"line":367,"column":3}},"133":{"start":{"line":365,"column":4},"end":{"line":365,"column":54}},"134":{"start":{"line":365,"column":45},"end":{"line":365,"column":54}},"135":{"start":{"line":366,"column":4},"end":{"line":366,"column":73}},"136":{"start":{"line":379,"column":2},"end":{"line":379,"column":29}},"137":{"start":{"line":380,"column":14},"end":{"line":380,"column":53}},"138":{"start":{"line":381,"column":2},"end":{"line":381,"column":24}},"139":{"start":{"line":381,"column":12},"end":{"line":381,"column":24}},"140":{"start":{"line":383,"column":31},"end":{"line":383,"column":35}},"141":{"start":{"line":384,"column":2},"end":{"line":415,"column":3}},"142":{"start":{"line":385,"column":21},"end":{"line":385,"column":37}},"143":{"start":{"line":386,"column":4},"end":{"line":386,"column":34}},"144":{"start":{"line":386,"column":22},"end":{"line":386,"column":34}},"145":{"start":{"line":388,"column":24},"end":{"line":388,"column":66}},"146":{"start":{"line":389,"column":16},"end":{"line":389,"column":71}},"147":{"start":{"line":390,"column":21},"end":{"line":390,"column":43}},"148":{"start":{"line":391,"column":4},"end":{"line":391,"column":32}},"149":{"start":{"line":393,"column":20},"end":{"line":393,"column":45}},"150":{"start":{"line":394,"column":18},"end":{"line":394,"column":62}},"151":{"start":{"line":395,"column":4},"end":{"line":395,"column":25}},"152":{"start":{"line":397,"column":17},"end":{"line":397,"column":43}},"153":{"start":{"line":398,"column":4},"end":{"line":400,"column":5}},"154":{"start":{"line":399,"column":6},"end":{"line":399,"column":56}},"155":{"start":{"line":399,"column":12},"end":{"line":399,"column":26}},"156":{"start":{"line":401,"column":4},"end":{"line":401,"column":23}},"157":{"start":{"line":403,"column":4},"end":{"line":403,"column":53}},"158":{"start":{"line":404,"column":4},"end":{"line":404,"column":65}},"159":{"start":{"line":406,"column":4},"end":{"line":406,"column":20}},"160":{"start":{"line":408,"column":4},"end":{"line":413,"column":5}},"161":{"start":{"line":409,"column":18},"end":{"line":409,"column":43}},"162":{"start":{"line":410,"column":6},"end":{"line":412,"column":7}},"163":{"start":{"line":411,"column":8},"end":{"line":411,"column":57}},"164":{"start":{"line":411,"column":14},"end":{"line":411,"column":27}},"165":{"start":{"line":414,"column":4},"end":{"line":414,"column":16}},"166":{"start":{"line":428,"column":19},"end":{"line":428,"column":32}},"167":{"start":{"line":429,"column":18},"end":{"line":429,"column":35}},"168":{"start":{"line":430,"column":2},"end":{"line":456,"column":3}},"169":{"start":{"line":431,"column":20},"end":{"line":431,"column":58}},"170":{"start":{"line":432,"column":4},"end":{"line":432,"column":36}},"171":{"start":{"line":433,"column":21},"end":{"line":433,"column":48}},"172":{"start":{"line":434,"column":18},"end":{"line":437,"column":6}},"173":{"start":{"line":439,"column":22},"end":{"line":439,"column":41}},"174":{"start":{"line":440,"column":4},"end":{"line":440,"column":46}},"175":{"start":{"line":441,"column":20},"end":{"line":441,"column":45}},"176":{"start":{"line":443,"column":17},"end":{"line":443,"column":43}},"177":{"start":{"line":444,"column":4},"end":{"line":446,"column":5}},"178":{"start":{"line":445,"column":6},"end":{"line":445,"column":56}},"179":{"start":{"line":445,"column":12},"end":{"line":445,"column":26}},"180":{"start":{"line":447,"column":4},"end":{"line":447,"column":23}},"181":{"start":{"line":449,"column":4},"end":{"line":449,"column":55}},"182":{"start":{"line":450,"column":4},"end":{"line":450,"column":58}},"183":{"start":{"line":452,"column":16},"end":{"line":452,"column":41}},"184":{"start":{"line":453,"column":4},"end":{"line":455,"column":5}},"185":{"start":{"line":454,"column":6},"end":{"line":454,"column":55}},"186":{"start":{"line":454,"column":12},"end":{"line":454,"column":25}},"187":{"start":{"line":476,"column":14},"end":{"line":476,"column":30}},"188":{"start":{"line":477,"column":21},"end":{"line":477,"column":57}},"189":{"start":{"line":479,"column":19},"end":{"line":479,"column":20}},"190":{"start":{"line":480,"column":2},"end":{"line":485,"column":3}},"191":{"start":{"line":481,"column":23},"end":{"line":481,"column":56}},"192":{"start":{"line":482,"column":4},"end":{"line":482,"column":35}},"193":{"start":{"line":484,"column":4},"end":{"line":484,"column":19}},"194":{"start":{"line":487,"column":2},"end":{"line":487,"column":36}},"195":{"start":{"line":508,"column":21},"end":{"line":508,"column":57}},"196":{"start":{"line":519,"column":14},"end":{"line":519,"column":30}},"197":{"start":{"line":521,"column":2},"end":{"line":525,"column":3}},"198":{"start":{"line":522,"column":4},"end":{"line":522,"column":52}},"199":{"start":{"line":524,"column":4},"end":{"line":524,"column":14}},"200":{"start":{"line":527,"column":38},"end":{"line":527,"column":40}},"201":{"start":{"line":529,"column":2},"end":{"line":552,"column":3}},"202":{"start":{"line":530,"column":4},"end":{"line":530,"column":30}},"203":{"start":{"line":530,"column":21},"end":{"line":530,"column":30}},"204":{"start":{"line":532,"column":19},"end":{"line":532,"column":49}},"205":{"start":{"line":533,"column":4},"end":{"line":533,"column":33}},"206":{"start":{"line":533,"column":24},"end":{"line":533,"column":33}},"207":{"start":{"line":535,"column":37},"end":{"line":535,"column":39}},"208":{"start":{"line":536,"column":4},"end":{"line":546,"column":5}},"209":{"start":{"line":537,"column":24},"end":{"line":537,"column":60}},"210":{"start":{"line":538,"column":6},"end":{"line":543,"column":7}},"211":{"start":{"line":539,"column":22},"end":{"line":539,"column":45}},"212":{"start":{"line":540,"column":8},"end":{"line":540,"column":29}},"213":{"start":{"line":540,"column":20},"end":{"line":540,"column":29}},"214":{"start":{"line":541,"column":24},"end":{"line":541,"column":50}},"215":{"start":{"line":542,"column":8},"end":{"line":542,"column":77}},"216":{"start":{"line":545,"column":6},"end":{"line":545,"column":15}},"217":{"start":{"line":548,"column":4},"end":{"line":551,"column":5}},"218":{"start":{"line":549,"column":6},"end":{"line":549,"column":44}},"219":{"start":{"line":549,"column":27},"end":{"line":549,"column":42}},"220":{"start":{"line":550,"column":6},"end":{"line":550,"column":42}},"221":{"start":{"line":554,"column":2},"end":{"line":554,"column":67}},"222":{"start":{"line":554,"column":25},"end":{"line":554,"column":65}},"223":{"start":{"line":555,"column":2},"end":{"line":555,"column":17}},"224":{"start":{"line":563,"column":2},"end":{"line":563,"column":26}},"225":{"start":{"line":563,"column":19},"end":{"line":563,"column":26}},"226":{"start":{"line":564,"column":2},"end":{"line":564,"column":47}},"227":{"start":{"line":566,"column":2},"end":{"line":568,"column":3}},"228":{"start":{"line":567,"column":4},"end":{"line":567,"column":48}},"229":{"start":{"line":570,"column":17},"end":{"line":570,"column":60}},"230":{"start":{"line":571,"column":2},"end":{"line":571,"column":29}},"231":{"start":{"line":571,"column":22},"end":{"line":571,"column":29}},"232":{"start":{"line":573,"column":21},"end":{"line":573,"column":22}},"233":{"start":{"line":574,"column":21},"end":{"line":574,"column":22}},"234":{"start":{"line":575,"column":2},"end":{"line":581,"column":3}},"235":{"start":{"line":576,"column":22},"end":{"line":576,"column":58}},"236":{"start":{"line":577,"column":4},"end":{"line":577,"column":36}},"237":{"start":{"line":578,"column":4},"end":{"line":578,"column":59}},"238":{"start":{"line":583,"column":2},"end":{"line":587,"column":3}},"239":{"start":{"line":584,"column":4},"end":{"line":584,"column":20}},"240":{"start":{"line":589,"column":2},"end":{"line":591,"column":3}},"241":{"start":{"line":590,"column":4},"end":{"line":590,"column":71}},"242":{"start":{"line":599,"column":2},"end":{"line":599,"column":47}},"243":{"start":{"line":600,"column":2},"end":{"line":600,"column":38}},"244":{"start":{"line":601,"column":2},"end":{"line":601,"column":33}},"245":{"start":{"line":602,"column":14},"end":{"line":602,"column":47}},"246":{"start":{"line":603,"column":2},"end":{"line":603,"column":47}},"247":{"start":{"line":603,"column":18},"end":{"line":603,"column":47}},"248":{"start":{"line":604,"column":2},"end":{"line":604,"column":35}},"249":{"start":{"line":617,"column":14},"end":{"line":617,"column":30}},"250":{"start":{"line":618,"column":21},"end":{"line":618,"column":57}},"251":{"start":{"line":619,"column":2},"end":{"line":623,"column":3}},"252":{"start":{"line":620,"column":4},"end":{"line":620,"column":17}},"253":{"start":{"line":624,"column":2},"end":{"line":624,"column":18}},"254":{"start":{"line":625,"column":2},"end":{"line":625,"column":19}},"255":{"start":{"line":626,"column":2},"end":{"line":626,"column":27}},"256":{"start":{"line":627,"column":2},"end":{"line":627,"column":22}},"257":{"start":{"line":628,"column":2},"end":{"line":628,"column":22}},"258":{"start":{"line":629,"column":2},"end":{"line":629,"column":19}},"259":{"start":{"line":630,"column":2},"end":{"line":630,"column":37}},"260":{"start":{"line":631,"column":2},"end":{"line":631,"column":20}}},"fnMap":{"0":{"name":"uriCacheKey","decl":{"start":{"line":87,"column":9},"end":{"line":87,"column":20}},"loc":{"start":{"line":87,"column":63},"end":{"line":89,"column":1}},"line":87},"1":{"name":"initImageCache","decl":{"start":{"line":104,"column":16},"end":{"line":104,"column":30}},"loc":{"start":{"line":104,"column":39},"end":{"line":119,"column":1}},"line":104},"2":{"name":"(anonymous_2)","decl":{"start":{"line":113,"column":63},"end":{"line":113,"column":64}},"loc":{"start":{"line":113,"column":89},"end":{"line":117,"column":5}},"line":113},"3":{"name":"deferredImageCacheInit","decl":{"start":{"line":129,"column":22},"end":{"line":129,"column":44}},"loc":{"start":{"line":129,"column":62},"end":{"line":131,"column":1}},"line":129},"4":{"name":"ensureCacheDir","decl":{"start":{"line":134,"column":9},"end":{"line":134,"column":23}},"loc":{"start":{"line":134,"column":37},"end":{"line":137,"column":1}},"line":134},"5":{"name":"recoverStalledImageDownloadsAsync","decl":{"start":{"line":151,"column":15},"end":{"line":151,"column":48}},"loc":{"start":{"line":151,"column":66},"end":{"line":198,"column":1}},"line":151},"6":{"name":"getCachedImageUri","decl":{"start":{"line":208,"column":16},"end":{"line":208,"column":33}},"loc":{"start":{"line":211,"column":17},"end":{"line":232,"column":1}},"line":211},"7":{"name":"evictUriCacheEntry","decl":{"start":{"line":238,"column":16},"end":{"line":238,"column":34}},"loc":{"start":{"line":238,"column":75},"end":{"line":241,"column":1}},"line":238},"8":{"name":"resolveWaiters","decl":{"start":{"line":248,"column":9},"end":{"line":248,"column":23}},"loc":{"start":{"line":248,"column":50},"end":{"line":254,"column":1}},"line":248},"9":{"name":"resolveAllWaiters","decl":{"start":{"line":257,"column":9},"end":{"line":257,"column":26}},"loc":{"start":{"line":257,"column":35},"end":{"line":262,"column":1}},"line":257},"10":{"name":"cacheAllSizes","decl":{"start":{"line":269,"column":16},"end":{"line":269,"column":29}},"loc":{"start":{"line":269,"column":65},"end":{"line":290,"column":1}},"line":269},"11":{"name":"(anonymous_11)","decl":{"start":{"line":274,"column":4},"end":{"line":274,"column":5}},"loc":{"start":{"line":274,"column":11},"end":{"line":274,"column":51}},"line":274},"12":{"name":"(anonymous_12)","decl":{"start":{"line":278,"column":27},"end":{"line":278,"column":28}},"loc":{"start":{"line":278,"column":40},"end":{"line":289,"column":3}},"line":278},"13":{"name":"processQueue","decl":{"start":{"line":300,"column":15},"end":{"line":300,"column":27}},"loc":{"start":{"line":300,"column":45},"end":{"line":319,"column":1}},"line":300},"14":{"name":"(anonymous_14)","decl":{"start":{"line":312,"column":8},"end":{"line":312,"column":9}},"loc":{"start":{"line":312,"column":14},"end":{"line":312,"column":27}},"line":312},"15":{"name":"processNext","decl":{"start":{"line":324,"column":15},"end":{"line":324,"column":26}},"loc":{"start":{"line":324,"column":44},"end":{"line":344,"column":1}},"line":324},"16":{"name":"downloadAndCacheImage","decl":{"start":{"line":354,"column":15},"end":{"line":354,"column":36}},"loc":{"start":{"line":354,"column":72},"end":{"line":368,"column":1}},"line":354},"17":{"name":"downloadSourceImage","decl":{"start":{"line":375,"column":15},"end":{"line":375,"column":34}},"loc":{"start":{"line":378,"column":26},"end":{"line":416,"column":1}},"line":378},"18":{"name":"generateResizedVariant","decl":{"start":{"line":422,"column":15},"end":{"line":422,"column":37}},"loc":{"start":{"line":427,"column":17},"end":{"line":457,"column":1}},"line":427},"19":{"name":"getImageCacheStats","decl":{"start":{"line":475,"column":22},"end":{"line":475,"column":40}},"loc":{"start":{"line":475,"column":69},"end":{"line":488,"column":1}},"line":475},"20":{"name":"listCachedImagesAsync","decl":{"start":{"line":518,"column":22},"end":{"line":518,"column":43}},"loc":{"start":{"line":518,"column":75},"end":{"line":556,"column":1}},"line":518},"21":{"name":"(anonymous_21)","decl":{"start":{"line":549,"column":17},"end":{"line":549,"column":18}},"loc":{"start":{"line":549,"column":27},"end":{"line":549,"column":42}},"line":549},"22":{"name":"(anonymous_22)","decl":{"start":{"line":554,"column":15},"end":{"line":554,"column":16}},"loc":{"start":{"line":554,"column":25},"end":{"line":554,"column":65}},"line":554},"23":{"name":"deleteCachedImage","decl":{"start":{"line":562,"column":22},"end":{"line":562,"column":39}},"loc":{"start":{"line":562,"column":75},"end":{"line":592,"column":1}},"line":562},"24":{"name":"refreshCachedImage","decl":{"start":{"line":598,"column":22},"end":{"line":598,"column":40}},"loc":{"start":{"line":598,"column":76},"end":{"line":605,"column":1}},"line":598},"25":{"name":"clearImageCache","decl":{"start":{"line":616,"column":22},"end":{"line":616,"column":37}},"loc":{"start":{"line":616,"column":57},"end":{"line":632,"column":1}},"line":616}},"branchMap":{"0":{"loc":{"start":{"line":105,"column":2},"end":{"line":105,"column":23}},"type":"if","locations":[{"start":{"line":105,"column":2},"end":{"line":105,"column":23}},{"start":{},"end":{}}],"line":105},"1":{"loc":{"start":{"line":107,"column":2},"end":{"line":109,"column":3}},"type":"if","locations":[{"start":{"line":107,"column":2},"end":{"line":109,"column":3}},{"start":{},"end":{}}],"line":107},"2":{"loc":{"start":{"line":112,"column":2},"end":{"line":118,"column":3}},"type":"if","locations":[{"start":{"line":112,"column":2},"end":{"line":118,"column":3}},{"start":{},"end":{}}],"line":112},"3":{"loc":{"start":{"line":114,"column":6},"end":{"line":116,"column":7}},"type":"if","locations":[{"start":{"line":114,"column":6},"end":{"line":116,"column":7}},{"start":{},"end":{}}],"line":114},"4":{"loc":{"start":{"line":114,"column":10},"end":{"line":114,"column":44}},"type":"binary-expr","locations":[{"start":{"line":114,"column":10},"end":{"line":114,"column":27}},{"start":{"line":114,"column":31},"end":{"line":114,"column":44}}],"line":114},"5":{"loc":{"start":{"line":135,"column":2},"end":{"line":135,"column":34}},"type":"if","locations":[{"start":{"line":135,"column":2},"end":{"line":135,"column":34}},{"start":{},"end":{}}],"line":135},"6":{"loc":{"start":{"line":152,"column":2},"end":{"line":152,"column":27}},"type":"if","locations":[{"start":{"line":152,"column":2},"end":{"line":152,"column":27}},{"start":{},"end":{}}],"line":152},"7":{"loc":{"start":{"line":163,"column":4},"end":{"line":163,"column":30}},"type":"if","locations":[{"start":{"line":163,"column":4},"end":{"line":163,"column":30}},{"start":{},"end":{}}],"line":163},"8":{"loc":{"start":{"line":166,"column":4},"end":{"line":166,"column":33}},"type":"if","locations":[{"start":{"line":166,"column":4},"end":{"line":166,"column":33}},{"start":{},"end":{}}],"line":166},"9":{"loc":{"start":{"line":174,"column":8},"end":{"line":179,"column":9}},"type":"if","locations":[{"start":{"line":174,"column":8},"end":{"line":179,"column":9}},{"start":{"line":177,"column":15},"end":{"line":179,"column":9}}],"line":174},"10":{"loc":{"start":{"line":185,"column":4},"end":{"line":192,"column":5}},"type":"if","locations":[{"start":{"line":185,"column":4},"end":{"line":192,"column":5}},{"start":{},"end":{}}],"line":185},"11":{"loc":{"start":{"line":185,"column":8},"end":{"line":185,"column":52}},"type":"binary-expr","locations":[{"start":{"line":185,"column":8},"end":{"line":185,"column":14}},{"start":{"line":185,"column":18},"end":{"line":185,"column":52}}],"line":185},"12":{"loc":{"start":{"line":186,"column":6},"end":{"line":191,"column":7}},"type":"if","locations":[{"start":{"line":186,"column":6},"end":{"line":191,"column":7}},{"start":{},"end":{}}],"line":186},"13":{"loc":{"start":{"line":186,"column":10},"end":{"line":186,"column":77}},"type":"binary-expr","locations":[{"start":{"line":186,"column":10},"end":{"line":186,"column":38}},{"start":{"line":186,"column":42},"end":{"line":186,"column":77}}],"line":186},"14":{"loc":{"start":{"line":195,"column":2},"end":{"line":197,"column":3}},"type":"if","locations":[{"start":{"line":195,"column":2},"end":{"line":197,"column":3}},{"start":{},"end":{}}],"line":195},"15":{"loc":{"start":{"line":212,"column":2},"end":{"line":212,"column":31}},"type":"if","locations":[{"start":{"line":212,"column":2},"end":{"line":212,"column":31}},{"start":{},"end":{}}],"line":212},"16":{"loc":{"start":{"line":216,"column":2},"end":{"line":216,"column":51}},"type":"if","locations":[{"start":{"line":216,"column":2},"end":{"line":216,"column":51}},{"start":{},"end":{}}],"line":216},"17":{"loc":{"start":{"line":219,"column":2},"end":{"line":222,"column":3}},"type":"if","locations":[{"start":{"line":219,"column":2},"end":{"line":222,"column":3}},{"start":{},"end":{}}],"line":219},"18":{"loc":{"start":{"line":225,"column":4},"end":{"line":228,"column":5}},"type":"if","locations":[{"start":{"line":225,"column":4},"end":{"line":228,"column":5}},{"start":{},"end":{}}],"line":225},"19":{"loc":{"start":{"line":250,"column":2},"end":{"line":253,"column":3}},"type":"if","locations":[{"start":{"line":250,"column":2},"end":{"line":253,"column":3}},{"start":{},"end":{}}],"line":250},"20":{"loc":{"start":{"line":270,"column":2},"end":{"line":270,"column":44}},"type":"if","locations":[{"start":{"line":270,"column":2},"end":{"line":270,"column":44}},{"start":{},"end":{}}],"line":270},"21":{"loc":{"start":{"line":276,"column":2},"end":{"line":276,"column":42}},"type":"if","locations":[{"start":{"line":276,"column":2},"end":{"line":276,"column":42}},{"start":{},"end":{}}],"line":276},"22":{"loc":{"start":{"line":279,"column":17},"end":{"line":279,"column":55}},"type":"binary-expr","locations":[{"start":{"line":279,"column":17},"end":{"line":279,"column":49}},{"start":{"line":279,"column":53},"end":{"line":279,"column":55}}],"line":279},"23":{"loc":{"start":{"line":283,"column":4},"end":{"line":285,"column":5}},"type":"if","locations":[{"start":{"line":283,"column":4},"end":{"line":285,"column":5}},{"start":{},"end":{}}],"line":283},"24":{"loc":{"start":{"line":283,"column":8},"end":{"line":283,"column":73}},"type":"binary-expr","locations":[{"start":{"line":283,"column":8},"end":{"line":283,"column":35}},{"start":{"line":283,"column":39},"end":{"line":283,"column":73}}],"line":283},"25":{"loc":{"start":{"line":301,"column":2},"end":{"line":301,"column":27}},"type":"if","locations":[{"start":{"line":301,"column":2},"end":{"line":301,"column":27}},{"start":{},"end":{}}],"line":301},"26":{"loc":{"start":{"line":327,"column":4},"end":{"line":329,"column":5}},"type":"if","locations":[{"start":{"line":327,"column":4},"end":{"line":329,"column":5}},{"start":{},"end":{}}],"line":327},"27":{"loc":{"start":{"line":356,"column":2},"end":{"line":356,"column":38}},"type":"if","locations":[{"start":{"line":356,"column":2},"end":{"line":356,"column":38}},{"start":{},"end":{}}],"line":356},"28":{"loc":{"start":{"line":359,"column":2},"end":{"line":362,"column":3}},"type":"if","locations":[{"start":{"line":359,"column":2},"end":{"line":362,"column":3}},{"start":{},"end":{}}],"line":359},"29":{"loc":{"start":{"line":361,"column":4},"end":{"line":361,"column":30}},"type":"if","locations":[{"start":{"line":361,"column":4},"end":{"line":361,"column":30}},{"start":{},"end":{}}],"line":361},"30":{"loc":{"start":{"line":365,"column":4},"end":{"line":365,"column":54}},"type":"if","locations":[{"start":{"line":365,"column":4},"end":{"line":365,"column":54}},{"start":{},"end":{}}],"line":365},"31":{"loc":{"start":{"line":381,"column":2},"end":{"line":381,"column":24}},"type":"if","locations":[{"start":{"line":381,"column":2},"end":{"line":381,"column":24}},{"start":{},"end":{}}],"line":381},"32":{"loc":{"start":{"line":386,"column":4},"end":{"line":386,"column":34}},"type":"if","locations":[{"start":{"line":386,"column":4},"end":{"line":386,"column":34}},{"start":{},"end":{}}],"line":386},"33":{"loc":{"start":{"line":388,"column":24},"end":{"line":388,"column":66}},"type":"binary-expr","locations":[{"start":{"line":388,"column":24},"end":{"line":388,"column":60}},{"start":{"line":388,"column":64},"end":{"line":388,"column":66}}],"line":388},"34":{"loc":{"start":{"line":389,"column":16},"end":{"line":389,"column":71}},"type":"binary-expr","locations":[{"start":{"line":389,"column":16},"end":{"line":389,"column":61}},{"start":{"line":389,"column":65},"end":{"line":389,"column":71}}],"line":389},"35":{"loc":{"start":{"line":398,"column":4},"end":{"line":400,"column":5}},"type":"if","locations":[{"start":{"line":398,"column":4},"end":{"line":400,"column":5}},{"start":{},"end":{}}],"line":398},"36":{"loc":{"start":{"line":408,"column":4},"end":{"line":413,"column":5}},"type":"if","locations":[{"start":{"line":408,"column":4},"end":{"line":413,"column":5}},{"start":{},"end":{}}],"line":408},"37":{"loc":{"start":{"line":410,"column":6},"end":{"line":412,"column":7}},"type":"if","locations":[{"start":{"line":410,"column":6},"end":{"line":412,"column":7}},{"start":{},"end":{}}],"line":410},"38":{"loc":{"start":{"line":444,"column":4},"end":{"line":446,"column":5}},"type":"if","locations":[{"start":{"line":444,"column":4},"end":{"line":446,"column":5}},{"start":{},"end":{}}],"line":444},"39":{"loc":{"start":{"line":449,"column":39},"end":{"line":449,"column":53}},"type":"binary-expr","locations":[{"start":{"line":449,"column":39},"end":{"line":449,"column":48}},{"start":{"line":449,"column":52},"end":{"line":449,"column":53}}],"line":449},"40":{"loc":{"start":{"line":453,"column":4},"end":{"line":455,"column":5}},"type":"if","locations":[{"start":{"line":453,"column":4},"end":{"line":455,"column":5}},{"start":{},"end":{}}],"line":453},"41":{"loc":{"start":{"line":530,"column":4},"end":{"line":530,"column":30}},"type":"if","locations":[{"start":{"line":530,"column":4},"end":{"line":530,"column":30}},{"start":{},"end":{}}],"line":530},"42":{"loc":{"start":{"line":533,"column":4},"end":{"line":533,"column":33}},"type":"if","locations":[{"start":{"line":533,"column":4},"end":{"line":533,"column":33}},{"start":{},"end":{}}],"line":533},"43":{"loc":{"start":{"line":540,"column":8},"end":{"line":540,"column":29}},"type":"if","locations":[{"start":{"line":540,"column":8},"end":{"line":540,"column":29}},{"start":{},"end":{}}],"line":540},"44":{"loc":{"start":{"line":548,"column":4},"end":{"line":551,"column":5}},"type":"if","locations":[{"start":{"line":548,"column":4},"end":{"line":551,"column":5}},{"start":{},"end":{}}],"line":548},"45":{"loc":{"start":{"line":563,"column":2},"end":{"line":563,"column":26}},"type":"if","locations":[{"start":{"line":563,"column":2},"end":{"line":563,"column":26}},{"start":{},"end":{}}],"line":563},"46":{"loc":{"start":{"line":571,"column":2},"end":{"line":571,"column":29}},"type":"if","locations":[{"start":{"line":571,"column":2},"end":{"line":571,"column":29}},{"start":{},"end":{}}],"line":571},"47":{"loc":{"start":{"line":589,"column":2},"end":{"line":591,"column":3}},"type":"if","locations":[{"start":{"line":589,"column":2},"end":{"line":591,"column":3}},{"start":{},"end":{}}],"line":589},"48":{"loc":{"start":{"line":603,"column":2},"end":{"line":603,"column":47}},"type":"if","locations":[{"start":{"line":603,"column":2},"end":{"line":603,"column":47}},{"start":{},"end":{}}],"line":603}},"s":{"0":2,"1":2,"2":2,"3":2,"4":2,"5":2,"6":2,"7":2,"8":2,"9":2,"10":2,"11":2,"12":2,"13":46,"14":34,"15":30,"16":4,"17":4,"18":2,"19":4,"20":4,"21":2,"22":0,"23":0,"24":0,"25":40,"26":0,"27":40,"28":0,"29":0,"30":0,"31":0,"32":0,"33":0,"34":0,"35":0,"36":0,"37":0,"38":0,"39":0,"40":0,"41":0,"42":0,"43":0,"44":0,"45":0,"46":0,"47":0,"48":0,"49":0,"50":0,"51":0,"52":0,"53":0,"54":0,"55":0,"56":0,"57":0,"58":28,"59":2,"60":26,"61":26,"62":26,"63":2,"64":24,"65":24,"66":0,"67":0,"68":24,"69":72,"70":72,"71":0,"72":0,"73":24,"74":24,"75":4,"76":4,"77":2,"78":2,"79":2,"80":2,"81":2,"82":2,"83":0,"84":0,"85":2,"86":4,"87":2,"88":2,"89":2,"90":2,"91":2,"92":0,"93":2,"94":2,"95":2,"96":2,"97":2,"98":0,"99":2,"100":2,"101":2,"102":0,"103":2,"104":2,"105":2,"106":2,"107":2,"108":2,"109":2,"110":2,"111":2,"112":2,"113":2,"114":2,"115":0,"116":2,"117":2,"118":2,"119":2,"120":2,"121":8,"122":8,"123":2,"124":2,"125":2,"126":0,"127":2,"128":2,"129":2,"130":2,"131":2,"132":0,"133":0,"134":0,"135":0,"136":2,"137":2,"138":2,"139":0,"140":2,"141":2,"142":2,"143":2,"144":0,"145":0,"146":0,"147":0,"148":0,"149":0,"150":0,"151":0,"152":0,"153":0,"154":0,"155":0,"156":0,"157":0,"158":0,"159":0,"160":2,"161":0,"162":0,"163":0,"164":0,"165":2,"166":0,"167":0,"168":0,"169":0,"170":0,"171":0,"172":0,"173":0,"174":0,"175":0,"176":0,"177":0,"178":0,"179":0,"180":0,"181":0,"182":0,"183":0,"184":0,"185":0,"186":0,"187":4,"188":4,"189":4,"190":4,"191":4,"192":2,"193":2,"194":4,"195":2,"196":6,"197":6,"198":6,"199":2,"200":4,"201":4,"202":2,"203":0,"204":2,"205":2,"206":0,"207":2,"208":2,"209":2,"210":2,"211":8,"212":8,"213":2,"214":6,"215":6,"216":0,"217":2,"218":2,"219":6,"220":2,"221":4,"222":0,"223":4,"224":4,"225":2,"226":2,"227":2,"228":8,"229":2,"230":2,"231":0,"232":2,"233":2,"234":2,"235":2,"236":2,"237":2,"238":2,"239":2,"240":2,"241":2,"242":0,"243":0,"244":0,"245":0,"246":0,"247":0,"248":0,"249":2,"250":2,"251":2,"252":2,"253":2,"254":2,"255":2,"256":2,"257":2,"258":2,"259":2,"260":2},"f":{"0":46,"1":34,"2":0,"3":0,"4":40,"5":0,"6":28,"7":4,"8":2,"9":2,"10":4,"11":2,"12":2,"13":2,"14":2,"15":2,"16":2,"17":2,"18":0,"19":4,"20":6,"21":6,"22":0,"23":4,"24":0,"25":2},"b":{"0":[30,4],"1":[2,2],"2":[2,2],"3":[0,0],"4":[0,0],"5":[0,40],"6":[0,0],"7":[0,0],"8":[0,0],"9":[0,0],"10":[0,0],"11":[0,0],"12":[0,0],"13":[0,0],"14":[0,0],"15":[2,26],"16":[2,24],"17":[0,24],"18":[0,72],"19":[2,0],"20":[2,2],"21":[0,2],"22":[2,2],"23":[0,2],"24":[2,2],"25":[0,2],"26":[0,2],"27":[0,2],"28":[2,0],"29":[2,0],"30":[0,0],"31":[0,2],"32":[0,0],"33":[0,0],"34":[0,0],"35":[0,0],"36":[0,2],"37":[0,0],"38":[0,0],"39":[0,0],"40":[0,0],"41":[0,2],"42":[0,2],"43":[2,6],"44":[2,0],"45":[2,2],"46":[0,2],"47":[2,0],"48":[0,0]},"_coverageSchema":"1a1c01bbd47fc00a2c39e90264f33305004495a9","hash":"9c5d4f515c658d8b64342e31507a77e216f68bc0"}
,"/Users/ghenry/Documents/github/substreamer-rn/src/services/migrationService.ts": {"path":"/Users/ghenry/Documents/github/substreamer-rn/src/services/migrationService.ts","statementMap":{"0":{"start":{"line":32,"column":41},"end":{"line":147,"column":1}},"1":{"start":{"line":40,"column":25},"end":{"line":46,"column":7}},"2":{"start":{"line":53,"column":33},"end":{"line":53,"column":49}},"3":{"start":{"line":55,"column":6},"end":{"line":63,"column":7}},"4":{"start":{"line":57,"column":8},"end":{"line":57,"column":59}},"5":{"start":{"line":58,"column":13},"end":{"line":63,"column":7}},"6":{"start":{"line":60,"column":8},"end":{"line":62,"column":10}},"7":{"start":{"line":65,"column":6},"end":{"line":79,"column":7}},"8":{"start":{"line":66,"column":8},"end":{"line":78,"column":9}},"9":{"start":{"line":67,"column":22},"end":{"line":67,"column":47}},"10":{"start":{"line":68,"column":10},"end":{"line":77,"column":11}},"11":{"start":{"line":69,"column":12},"end":{"line":74,"column":13}},"12":{"start":{"line":70,"column":14},"end":{"line":70,"column":27}},"13":{"start":{"line":71,"column":14},"end":{"line":71,"column":50}},"14":{"start":{"line":73,"column":14},"end":{"line":73,"column":59}},"15":{"start":{"line":76,"column":12},"end":{"line":76,"column":50}},"16":{"start":{"line":89,"column":6},"end":{"line":97,"column":7}},"17":{"start":{"line":90,"column":8},"end":{"line":94,"column":10}},"18":{"start":{"line":95,"column":13},"end":{"line":97,"column":7}},"19":{"start":{"line":96,"column":8},"end":{"line":96,"column":75}},"20":{"start":{"line":99,"column":6},"end":{"line":102,"column":7}},"21":{"start":{"line":100,"column":8},"end":{"line":100,"column":72}},"22":{"start":{"line":101,"column":8},"end":{"line":101,"column":15}},"23":{"start":{"line":104,"column":6},"end":{"line":104,"column":46}},"24":{"start":{"line":106,"column":23},"end":{"line":106,"column":55}},"25":{"start":{"line":107,"column":24},"end":{"line":107,"column":63}},"26":{"start":{"line":109,"column":6},"end":{"line":124,"column":7}},"27":{"start":{"line":110,"column":8},"end":{"line":123,"column":9}},"28":{"start":{"line":111,"column":27},"end":{"line":111,"column":40}},"29":{"start":{"line":112,"column":23},"end":{"line":112,"column":48}},"30":{"start":{"line":113,"column":10},"end":{"line":122,"column":11}},"31":{"start":{"line":114,"column":12},"end":{"line":119,"column":13}},"32":{"start":{"line":115,"column":14},"end":{"line":115,"column":28}},"33":{"start":{"line":116,"column":14},"end":{"line":116,"column":42}},"34":{"start":{"line":118,"column":14},"end":{"line":118,"column":51}},"35":{"start":{"line":121,"column":12},"end":{"line":121,"column":42}},"36":{"start":{"line":157,"column":2},"end":{"line":157,"column":64}},"37":{"start":{"line":157,"column":39},"end":{"line":157,"column":62}},"38":{"start":{"line":171,"column":18},"end":{"line":171,"column":51}},"39":{"start":{"line":172,"column":26},"end":{"line":172,"column":28}},"40":{"start":{"line":174,"column":2},"end":{"line":174,"column":59}},"41":{"start":{"line":175,"column":2},"end":{"line":175,"column":41}},"42":{"start":{"line":176,"column":2},"end":{"
[...]
"start":{},"end":{}}],"line":403},"75":{"loc":{"start":{"line":406,"column":11},"end":{"line":406,"column":45}},"type":"binary-expr","locations":[{"start":{"line":406,"column":11},"end":{"line":406,"column":39}},{"start":{"line":406,"column":43},"end":{"line":406,"column":45}}],"line":406},"76":{"loc":{"start":{"line":417,"column":2},"end":{"line":417,"column":22}},"type":"if","locations":[{"start":{"line":417,"column":2},"end":{"line":417,"column":22}},{"start":{},"end":{}}],"line":417},"77":{"loc":{"start":{"line":419,"column":9},"end":{"line":419,"column":43}},"type":"binary-expr","locations":[{"start":{"line":419,"column":9},"end":{"line":419,"column":37}},{"start":{"line":419,"column":41},"end":{"line":419,"column":43}}],"line":419},"78":{"loc":{"start":{"line":427,"column":2},"end":{"line":427,"column":24}},"type":"if","locations":[{"start":{"line":427,"column":2},"end":{"line":427,"column":24}},{"start":{},"end":{}}],"line":427},"79":{"loc":{"start":{"line":429,"column":9},"end":{"line":429,"column":34}},"type":"binary-expr","locations":[{"start":{"line":429,"column":9},"end":{"line":429,"column":26}},{"start":{"line":429,"column":30},"end":{"line":429,"column":34}}],"line":429},"80":{"loc":{"start":{"line":437,"column":2},"end":{"line":437,"column":25}},"type":"if","locations":[{"start":{"line":437,"column":2},"end":{"line":437,"column":25}},{"start":{},"end":{}}],"line":437},"81":{"loc":{"start":{"line":457,"column":2},"end":{"line":457,"column":25}},"type":"if","locations":[{"start":{"line":457,"column":2},"end":{"line":457,"column":25}},{"start":{},"end":{}}],"line":457},"82":{"loc":{"start":{"line":474,"column":2},"end":{"line":474,"column":25}},"type":"if","locations":[{"start":{"line":474,"column":2},"end":{"line":474,"column":25}},{"start":{},"end":{}}],"line":474},"83":{"loc":{"start":{"line":491,"column":2},"end":{"line":491,"column":25}},"type":"if","locations":[{"start":{"line":491,"column":2},"end":{"line":491,"column":25}},{"start":{},"end":{}}],"line":491},"84":{"loc":{"start":{"line":508,"column":2},"end":{"line":508,"column":25}},"type":"if","locations":[{"start":{"line":508,"column":2},"end":{"line":508,"column":25}},{"start":{},"end":{}}],"line":508},"85":{"loc":{"start":{"line":519,"column":2},"end":{"line":519,"column":24}},"type":"if","locations":[{"start":{"line":519,"column":2},"end":{"line":519,"column":24}},{"start":{},"end":{}}],"line":519},"86":{"loc":{"start":{"line":523,"column":4},"end":{"line":523,"column":50}},"type":"if","locations":[{"start":{"line":523,"column":4},"end":{"line":523,"column":50}},{"start":{},"end":{}}],"line":523},"87":{"loc":{"start":{"line":525,"column":23},"end":{"line":525,"column":51}},"type":"binary-expr","locations":[{"start":{"line":525,"column":23},"end":{"line":525,"column":43}},{"start":{"line":525,"column":47},"end":{"line":525,"column":51}}],"line":525},"88":{"loc":{"start":{"line":527,"column":6},"end":{"line":527,"column":66}},"type":"binary-expr","locations":[{"start":{"line":527,"column":6},"end":{"line":527,"column":31}},{"start":{"line":527,"column":35},"end":{"line":527,"column":66}}],"line":527},"89":{"loc":{"start":{"line":529,"column":23},"end":{"line":529,"column":88}},"type":"cond-expr","locations":[{"start":{"line":529,"column":64},"end":{"line":529,"column":81}},{"start":{"line":529,"column":84},"end":{"line":529,"column":88}}],"line":529},"90":{"loc":{"start":{"line":529,"column":23},"end":{"line":529,"column":61}},"type":"binary-expr","locations":[{"start":{"line":529,"column":23},"end":{"line":529,"column":35}},{"start":{"line":529,"column":39},"end":{"line":529,"column":61}}],"line":529},"91":{"loc":{"start":{"line":531,"column":6},"end":{"line":533,"column":14}},"type":"cond-expr","locations":[{"start":{"line":532,"column":10},"end":{"line":532,"column":36}},{"start":{"line":533,"column":10},"end":{"line":533,"column":14}}],"line":531},"92":{"loc":{"start":{"line":531,"column":6},"end":{"line":531,"column":53}},"type":"binary-expr","locations":[{"start":{"line":531,"column":6},"end":{"line":531,"column":18}},{"start":{"line":531,"column":22},"end":{"line":531,"column":53}}],"line":531},"93":{"loc":{"start":{"line":536,"column":4},"end":{"line":548,"column":5}},"type":"if","locations":[{"start":{"line":536,"column":4},"end":{"line":548,"column":5}},{"start":{},"end":{}}],"line":536},"94":{"loc":{"start":{"line":539,"column":8},"end":{"line":544,"column":9}},"type":"if","locations":[{"start":{"line":539,"column":8},"end":{"line":544,"column":9}},{"start":{},"end":{}}],"line":539},"95":{"loc":{"start":{"line":539,"column":12},"end":{"line":539,"column":77}},"type":"binary-expr","locations":[{"start":{"line":539,"column":12},"end":{"line":539,"column":39}},{"start":{"line":539,"column":43},"end":{"line":539,"column":77}}],"line":539},"96":{"loc":{"start":{"line":542,"column":22},"end":{"line":542,"column":38}},"type":"binary-expr","locations":[{"start":{"line":542,"column":22},"end":{"line":542,"column":32}},{"start":{"line":542,"column":36},"end":{"line":542,"column":38}}],"line":542},"97":{"loc":{"start":{"line":573,"column":2},"end":{"line":573,"column":58}},"type":"if","locations":[{"start":{"line":573,"column":2},"end":{"line":573,"column":58}},{"start":{},"end":{}}],"line":573},"98":{"loc":{"start":{"line":577,"column":12},"end":{"line":577,"column":32}},"type":"binary-expr","locations":[{"start":{"line":577,"column":12},"end":{"line":577,"column":26}},{"start":{"line":577,"column":30},"end":{"line":577,"column":32}}],"line":577},"99":{"loc":{"start":{"line":578,"column":13},"end":{"line":578,"column":34}},"type":"binary-expr","locations":[{"start":{"line":578,"column":13},"end":{"line":578,"column":28}},{"start":{"line":578,"column":32},"end":{"line":578,"column":34}}],"line":578},"100":{"loc":{"start":{"line":579,"column":11},"end":{"line":579,"column":30}},"type":"binary-expr","locations":[{"start":{"line":579,"column":11},"end":{"line":579,"column":24}},{"start":{"line":579,"column":28},"end":{"line":579,"column":30}}],"line":579},"101":{"loc":{"start":{"line":593,"column":2},"end":{"line":593,"column":75}},"type":"if","locations":[{"start":{"line":593,"column":2},"end":{"line":593,"column":75}},{"start":{},"end":{}}],"line":593},"102":{"loc":{"start":{"line":593,"column":6},"end":{"line":593,"column":27}},"type":"binary-expr","locations":[{"start":{"line":593,"column":6},"end":{"line":593,"column":10}},{"start":{"line":593,"column":14},"end":{"line":593,"column":27}}],"line":593},"103":{"loc":{"start":{"line":602,"column":12},"end":{"line":602,"column":26}},"type":"binary-expr","locations":[{"start":{"line":602,"column":12},"end":{"line":602,"column":20}},{"start":{"line":602,"column":24},"end":{"line":602,"column":26}}],"line":602},"104":{"loc":{"start":{"line":603,"column":13},"end":{"line":603,"column":28}},"type":"binary-expr","locations":[{"start":{"line":603,"column":13},"end":{"line":603,"column":22}},{"start":{"line":603,"column":26},"end":{"line":603,"column":28}}],"line":603},"105":{"loc":{"start":{"line":604,"column":11},"end":{"line":604,"column":24}},"type":"binary-expr","locations":[{"start":{"line":604,"column":11},"end":{"line":604,"column":18}},{"start":{"line":604,"column":22},"end":{"line":604,"column":24}}],"line":604},"106":{"loc":{"start":{"line":617,"column":2},"end":{"line":617,"column":19}},"type":"if","locations":[{"start":{"line":617,"column":2},"end":{"line":617,"column":19}},{"start":{},"end":{}}],"line":617},"107":{"loc":{"start":{"line":626,"column":2},"end":{"line":626,"column":19}},"type":"if","locations":[{"start":{"line":626,"column":2},"end":{"line":626,"column":19}},{"start":{},"end":{}}],"line":626},"108":{"loc":{"start":{"line":635,"column":2},"end":{"line":635,"column":19}},"type":"if","locations":[{"start":{"line":635,"column":2},"end":{"line":635,"column":19}},{"start":{},"end":{}}],"line":635},"109":{"loc":{"start":{"line":644,"column":2},"end":{"line":644,"column":19}},"type":"if","locations":[{"start":{"line":644,"column":2},"end":{"line":644,"column":19}},{"start":{},"end":{}}],"line":644},"110":{"loc":{"start":{"line":653,"column":2},"end":{"line":653,"column":19}},"type":"if","locations":[{"start":{"line":653,"column":2},"end":{"line":653,"column":19}},{"start":{},"end":{}}],"line":653},"111":{"loc":{"start":{"line":662,"column":2},"end":{"line":662,"column":19}},"type":"if","locations":[{"start":{"line":662,"column":2},"end":{"line":662,"column":19}},{"start":{},"end":{}}],"line":662},"112":{"loc":{"start":{"line":672,"column":2},"end":{"line":672,"column":19}},"type":"if","locations":[{"start":{"line":672,"column":2},"end":{"line":672,"column":19}},{"start":{},"end":{}}],"line":672},"113":{"loc":{"start":{"line":692,"column":2},"end":{"line":692,"column":24}},"type":"if","locations":[{"start":{"line":692,"column":2},"end":{"line":692,"column":24}},{"start":{},"end":{}}],"line":692},"114":{"loc":{"start":{"line":697,"column":13},"end":{"line":697,"column":43}},"type":"binary-expr","locations":[{"start":{"line":697,"column":13},"end":{"line":697,"column":38}},{"start":{"line":697,"column":42},"end":{"line":697,"column":43}}],"line":697},"115":{"loc":{"start":{"line":698,"column":16},"end":{"line":698,"column":41}},"type":"binary-expr","locations":[{"start":{"line":698,"column":16},"end":{"line":698,"column":33}},{"start":{"line":698,"column":37},"end":{"line":698,"column":41}}],"line":698},"116":{"loc":{"start":{"line":699,"column":19},"end":{"line":699,"column":47}},"type":"binary-expr","locations":[{"start":{"line":699,"column":19},"end":{"line":699,"column":39}},{"start":{"line":699,"column":43},"end":{"line":699,"column":47}}],"line":699},"117":{"loc":{"start":{"line":712,"column":2},"end":{"line":712,"column":24}},"type":"if","locations":[{"start":{"line":712,"column":2},"end":{"line":712,"column":24}},{"start":{},"end":{}}],"line":712},"118":{"loc":{"start":{"line":714,"column":41},"end":{"line":714,"column":84}},"type":"cond-expr","locations":[{"start":{"line":714,"column":60},"end":{"line":714,"column":72}},{"start":{"line":714,"column":75},"end":{"line":714,"column":84}}],"line":714},"119":{"loc":{"start":{"line":717,"column":13},"end":{"line":717,"column":43}},"type":"binary-expr","locations":[{"start":{"line":717,"column":13},"end":{"line":717,"column":38}},{"start":{"line":717,"column":42},"end":{"line":717,"column":43}}],"line":717},"120":{"loc":{"start":{"line":732,"column":2},"end":{"line":732,"column":24}},"type":"if","locations":[{"start":{"line":732,"column":2},"end":{"line":732,"column":24}},{"start":{},"end":{}}],"line":732},"121":{"loc":{"start":{"line":735,"column":11},"end":{"line":735,"column":39}},"type":"binary-expr","locations":[{"start":{"line":735,"column":11},"end":{"line":735,"column":33}},{"start":{"line":735,"column":37},"end":{"line":735,"column":39}}],"line":735},"122":{"loc":{"start":{"line":747,"column":2},"end":{"line":747,"column":24}},"type":"if","locations":[{"start":{"line":747,"column":2},"end":{"line":747,"column":24}},{"start":{},"end":{}}],"line":747},"123":{"loc":{"start":{"line":750,"column":4},"end":{"line":750,"column":52}},"type":"if","locations":[{"start":{"line":750,"column":4},"end":{"line":750,"column":52}},{"start":{},"end":{}}],"line":750},"124":{"loc":{"start":{"line":751,"column":4},"end":{"line":751,"column":48}},"type":"if","locations":[{"start":{"line":751,"column":4},"end":{"line":751,"column":48}},{"start":{},"end":{}}],"line":751},"125":{"loc":{"start":{"line":753,"column":19},"end":{"line":753,"column":47}},"type":"binary-expr","locations":[{"start":{"line":753,"column":19},"end":{"line":753,"column":41}},{"start":{"line":753,"column":45},"end":{"line":753,"column":47}}],"line":753},"126":{"loc":{"start":{"line":754,"column":11},"end":{"line":754,"column":28}},"type":"binary-expr","locations":[{"start":{"line":754,"column":11},"end":{"line":754,"column":20}},{"start":{"line":754,"column":24},"end":{"line":754,"column":28}}],"line":754},"127":{"loc":{"start":{"line":770,"column":2},"end":{"line":770,"column":36}},"type":"if","locations":[{"start":{"line":770,"column":2},"end":{"line":770,"column":36}},{"start":{},"end":{}}],"line":770},"128":{"loc":{"start":{"line":771,"column":2},"end":{"line":771,"column":73}},"type":"if","locations":[{"start":{"line":771,"column":2},"end":{"line":771,"column":73}},{"start":{},"end":{}}],"line":771},"129":{"loc":{"start":{"line":774,"column":2},"end":{"line":774,"column":71}},"type":"if","locations":[{"start":{"line":774,"column":2},"end":{"line":774,"column":71}},{"start":{},"end":{}}],"line":774},"130":{"loc":{"start":{"line":774,"column":6},"end":{"line":774,"column":57}},"type":"binary-expr","locations":[{"start":{"line":774,"column":6},"end":{"line":774,"column":17}},{"start":{"line":774,"column":21},"end":{"line":774,"column":31}},{"start":{"line":774,"column":35},"end":{"line":774,"column":44}},{"start":{"line":774,"column":48},"end":{"line":774,"column":57}}],"line":774},"131":{"loc":{"start":{"line":796,"column":4},"end":{"line":796,"column":60}},"type":"if","locations":[{"start":{"line":796,"column":4},"end":{"line":796,"column":60}},{"start":{},"end":{}}],"line":796},"132":{"loc":{"start":{"line":797,"column":4},"end":{"line":797,"column":64}},"type":"if","locations":[{"start":{"line":797,"column":4},"end":{"line":797,"column":64}},{"start":{},"end":{}}],"line":797},"133":{"loc":{"start":{"line":805,"column":4},"end":{"line":805,"column":43}},"type":"if","locations":[{"start":{"line":805,"column":4},"end":{"line":805,"column":43}},{"start":{},"end":{}}],"line":805},"134":{"loc":{"start":{"line":806,"column":28},"end":{"line":806,"column":52}},"type":"binary-expr","locations":[{"start":{"line":806,"column":28},"end":{"line":806,"column":46}},{"start":{"line":806,"column":50},"end":{"line":806,"column":52}}],"line":806},"135":{"loc":{"start":{"line":807,"column":11},"end":{"line":807,"column":28}},"type":"binary-expr","locations":[{"start":{"line":807,"column":11},"end":{"line":807,"column":20}},{"start":{"line":807,"column":24},"end":{"line":807,"column":28}}],"line":807},"136":{"loc":{"start":{"line":819,"column":2},"end":{"line":819,"column":25}},"type":"if","locations":[{"start":{"line":819,"column":2},"end":{"line":819,"column":25}},{"start":{},"end":{}}],"line":819},"137":{"loc":{"start":{"line":822,"column":4},"end":{"line":822,"column":66}},"type":"if","locations":[{"start":{"line":822,"column":4},"end":{"line":822,"column":66}},{"start":{},"end":{}}],"line":822},"138":{"loc":{"start":{"line":823,"column":4},"end":{"line":823,"column":54}},"type":"if","locations":[{"start":{"line":823,"column":4},"end":{"line":823,"column":54}},{"start":{},"end":{}}],"line":823},"139":{"loc":{"start":{"line":833,"column":2},"end":{"line":833,"column":25}},"type":"if","locations":[{"start":{"line":833,"column":2},"end":{"line":833,"column":25}},{"start":{},"end":{}}],"line":833}},"s":{"0":2,"1":0,"2":0,"3":2,"4":128,"5":128,"6":6,"7":128,"8":2,"9":2,"10":2,"11":2,"12":2,"13":22,"14":22,"15":22,"16":22,"17":18,"18":6,"19":6,"20":6,"21":12,"22":12,"23":4,"24":4,"25":60,"26":2,"27":58,"28":58,"29":20,"30":38,"31":38,"32":16,"33":22,"34":22,"35":22,"36":116,"37":116,"38":116,"39":116,"40":116,"41":32,"42":32,"43":6,"44":26,"45":26,"46":0,"47":26,"48":26,"49":416,"50":26,"51":26,"52":26,"53":26,"54":2,"55":22,"56":22,"57":12,"58":10,"59":10,"60":2,"61":8,"62":12,"63":12,"64":4,"65":8,"66":2,"67":6,"68":6,"69":6,"70":2,"71":6,"72":12,"73":12,"74":4,"75":8,"76":0,"77":8,"78":8,"79":8,"80":8,"81":2,"82":8,"83":2,"84":8,"85":2,"86":8,"87":2,"88":8,"89":10,"90":10,"91":4,"92":6,"93":0,"94":6,"95":6,"96":6,"97":6,"98":2,"99":6,"100":2,"101":6,"102":2,"103":2,"104":2,"105":0,"106":0,"107":0,"108":0,"109":0,"110":0,"111":0,"112":0,"113":0,"114":0,"115":0,"116":0,"117":0,"118":0,"119":0,"120":0,"121":0,"122":6,"123":6,"124":2,"125":4,"126":4,"127":2,"128":2,"129":0,"130":0,"131":0,"132":0,"133":0,"134":0,"135":0,"136":0,"137":0,"138":0,"139":0,"140":0,"141":0,"142":0,"143":0,"144":0,"145":0,"146":0,"147":0,"148":0,"149":2,"150":2,"151":2,"152":0,"153":0,"154":0,"155":0,"156":0,"157":0,"158":0,"159":0,"160":0,"161":0,"162":0,"163":0,"164":0,"165":0,"166":0,"167":0,"168":2,"169":2,"170":2,"171":0,"172":0,"173":0,"174":0,"175":0,"176":0,"177":0,"178":0,"179":0,"180":0,"181":0,"182":0,"183":0,"184":0,"185":0,"186":0,"187":0,"188":0,"189":2,"190":2,"191":2,"192":0,"193":0,"194":0,"195":0,"196":0,"197":0,"198":0,"199":4,"200":4,"201":0,"202":4,"203":4,"204":2,"205":2,"206":0,"207":0,"208":0,"209":0,"210":0,"211":0,"212":0,"213":0,"214":0,"215":0,"216":0,"217":0,"218":0,"219":0,"220":0,"221":0,"222":0,"223":0,"224":0,"225":0,"226":0,"227":0,"228":0,"229":0,"230":0,"231":0,"232":0,"233":0,"234":0,"235":0,"236":0,"237":0,"238":0,"239":0,"240":0,"241":0,"242":0,"243":0,"244":0,"245":0,"246":0,"247":0,"248":0,"249":0,"250":0,"251":0,"252":0,"253":0,"254":2,"255":2,"256":2,"257":0,"258":0,"259":0,"260":2,"261":2,"262":2,"263":0,"264":0,"265":0,"266":0,"267":0,"268":0,"269":0,"270":0,"271":0,"272":0,"273":0,"274":0,"275":0,"276":0,"277":0,"278":0,"279":0,"280":0,"281":0,"282":2,"283":2,"284":0,"285":2,"286":2,"287":2,"288":0,"289":2,"290":2,"291":2,"292":0,"293":2,"294":2,"295":2,"296":2,"297":0,"298":0,"299":0,"300":0,"301":0,"302":0,"303":0,"304":0,"305":0,"306":0,"307":0,"308":0,"309":0,"310":0,"311":0,"312":0,"313":0,"314":0,"315":0,"316":0,"317":0,"318":0,"319":0,"320":0,"321":0,"322":0,"323":0,"324":0,"325":0,"326":0,"327":0,"328":0,"329":0,"330":0,"331":0,"332":0,"333":0,"334":0,"335":0,"336":0,"337":0,"338":0,"339":0,"340":0,"341":0,"342":0,"343":0,"344":0,"345":0,"346":0,"347":0,"348":0,"349":0,"350":0,"351":0,"352":0,"353":0,"354":0,"355":0,"356":0,"357":0,"358":0,"359":0,"360":0,"361":0,"362":0,"363":0,"364":0,"365":0,"366":0,"367":0,"368":0,"369":0,"370":0,"371":0,"372":0,"373":0,"374":0,"375":0},"f":{"0":0,"1":128,"2":22,"3":60,"4":116,"5":32,"6":416,"7":22,"8":12,"9":12,"10":10,"11":2,"12":0,"13":0,"14":0,"15":6,"16":0,"17":0,"18":0,"19":2,"20":0,"21":0,"22":0,"23":2,"24":0,"25":0,"26":2,"27":0,"28":4,"29":0,"30":0,"31":0,"32":0,"33":0,"34":0,"35":2,"36":2,"37":0,"38":0,"39":0,"40":0,"41":2,"42":2,"43":2,"44":2,"45":0,"46":0,"47":0,"48":0,"49":0,"50":0,"51":0,"52":0},"b":{"0":[6,122],"1":[128,126],"2":[6,12],"3":[6,4],"4":[2,2],"5":[2,10],"6":[12,2],"7":[12,0],"8":[2,2],"9":[2,58],"10":[20,38],"11":[58,40,38,38],"12":[16,22],"13":[38,16],"14":[6,26],"15":[32,26,26,26],"16":[0,26],"17":[26,0,0],"18":[12,10],"19":[2,8],"20":[4,8],"21":[12,10,8,8],"22":[2,6],"23":[8,6,6],"24":[2,4],"25":[6,2],"26":[4,8],"27":[12,10,8,8],"28":[0,8],"29":[8,8,8],"30":[2,6],"31":[2,6],"32":[2,6],"33":[2,6],"34":[8,4],"35":[4,6],"36":[10,8,6,6],"37":[0,6],"38":[6,6,6],"39":[2,4],"40":[2,4],"41":[2,0],"42":[0,0],"43":[0,0],"44":[0,0],"45":[0,0],"46":[0,0],"47":[0,0],"48":[0,0],"49":[0,0],"50":[0,0],"51":[0,0],"52":[0,0],"53":[2,4],"54":[2,0],"55":[0,0],"56":[0,0],"57":[0,0],"58":[0,0],"59":[0,0],"60":[2,0],"61":[0,0],"62":[0,0],"63":[0,0],"64":[0,0],"65":[0,0],"66":[0,0],"67":[2],"68":[2,0],"69":[0,0],"70":[0],"71":[0,0],"72":[0,0],"73":[0],"74":[0,0],"75":[0,0],"76":[2,0],"77":[0,0],"78":[0,0],"79":[0,0],"80":[0,4],"81":[0,0],"82":[0,0],"83":[0,0],"84":[0,0],"85":[0,0],"86":[0,0],"87":[0,0],"88":[0,0],"89":[0,0],"90":[0,0],"91":[0,0],"92":[0,0],"93":[0,0],"94":[0,0],"95":[0,0],"96":[0,0],"97":[2,0],"98":[0,0],"99":[0,0],"100":[0,0],"101":[2,0],"102":[2,0],"103":[0,0],"104":[0,0],"105":[0,0],"106":[0,0],"107":[0,0],"108":[0,0],"109":[0,0],"110":[0,2],"111":[0,2],"112":[0,2],"113":[2,0],"114":[0,0],"115":[0,0],"116":[0,0],"117":[0,0],"118":[0,0],"119":[0,0],"120":[0,0],"121":[0,0],"122":[0,0],"123":[0,0],"124":[0,0],"125":[0,0],"126":[0,0],"127":[0,0],"128":[0,0],"129":[0,0],"130":[0,0,0,0],"131":[0,0],"132":[0,0],"133":[0,0],"134":[0,0],"135":[0,0],"136":[0,0],"137":[0,0],"138":[0,0],"139":[0,0]},"_coverageSchema":"1a1c01bbd47fc00a2c39e90264f33305004495a9","hash":"bc68d05bb544f0fca65a7c652fc79786a2d1f5f8"}
}
