TN:
SF:src/services/backupService.ts
FN:52,initBackupDir
FN:64,makeTimestamp
FN:68,metaFileName
FN:72,scrobblesFileName
FN:76,mbidFileName
FN:84,createBackup
FN:150,listBackups
FN:191,(anonymous_7)
FN:199,restoreBackup
FN:235,pruneBackups
FN:267,cleanUpOrphanedFiles
FN:302,runAutoBackupIfNeeded
FNF:12
FNH:12
FNDA:40,initBackupDir
FNDA:14,makeTimestamp
FNDA:16,metaFileName
FNDA:50,scrobblesFileName
FNDA:18,mbidFileName
FNDA:14,createBackup
FNDA:16,listBackups
FNDA:14,(anonymous_7)
FNDA:8,restoreBackup
FNDA:8,pruneBackups
FNDA:8,cleanUpOrphanedFiles
FNDA:8,runAutoBackupIfNeeded
DA:42,2
DA:43,2
DA:44,2
DA:50,2
DA:53,40
DA:54,0
DA:58,2
DA:65,14
DA:69,16
DA:73,50
DA:77,18
DA:85,14
DA:86,14
DA:87,14
DA:89,14
DA:90,14
DA:92,14
DA:93,14
DA:94,10
DA:95,10
DA:96,10
DA:97,10
DA:98,10
DA:99,0
DA:101,10
DA:102,10
DA:104,0
DA:105,0
DA:107,0
DA:111,14
DA:112,14
DA:113,14
DA:114,4
DA:115,4
DA:116,4
DA:117,4
DA:118,4
DA:119,0
DA:121,4
DA:122,4
DA:124,0
DA:125,0
DA:127,0
DA:131,14
DA:133,12
DA:140,12
DA:141,12
DA:143,12
DA:151,16
DA:154,16
DA:155,16
DA:157,2
DA:160,14
DA:162,14
DA:163,46
DA:165,24
DA:166,24
DA:167,24
DA:168,24
DA:170,24
DA:172,22
DA:174,22
DA:175,22
DA:176,22
DA:178,20
DA:187,0
DA:191,14
DA:192,14
DA:202,8
DA:203,8
DA:205,8
DA:206,4
DA:207,4
DA:208,2
DA:210,2
DA:211,2
DA:212,2
DA:213,2
DA:214,2
DA:217,6
DA:218,4
DA:219,4
DA:220,2
DA:222,2
DA:223,2
DA:224,2
DA:225,2
DA:228,4
DA:236,8
DA:237,8
DA:239,2
DA:240,2
DA:241,4
DA:246,4
DA:247,12
DA:248,12
DA:249,12
DA:268,8
DA:271,8
DA:272,8
DA:274,0
DA:277,8
DA:279,8
DA:280,0
DA:281,0
DA:282,0
DA:283,0
DA:287,8
DA:288,0
DA:289,0
DA:291,0
DA:292,0
DA:293,0
DA:303,8
DA:305,8
DA:307,8
DA:309,6
DA:310,6
DA:312,4
DA:313,4
DA:314,4
LF:121
LH:101
BRDA:53,0,0,0
BRDA:53,0,1,40
BRDA:93,1,0,10
BRDA:93,1,1,4
BRDA:98,2,0,0
BRDA:98,2,1,10
BRDA:104,3,0,0
BRDA:104,3,1,0
BRDA:113,4,0,4
BRDA:113,4,1,10
BRDA:118,5,0,0
BRDA:118,5,1,4
BRDA:124,6,0,0
BRDA:124,6,1,0
BRDA:131,7,0,2
BRDA:131,7,1,12
BRDA:131,8,0,14
BRDA:131,8,1,4
BRDA:163,9,0,22
BRDA:163,9,1,24
BRDA:170,10,0,2
BRDA:170,10,1,22
BRDA:174,11,0,22
BRDA:174,11,1,22
BRDA:175,12,0,22
BRDA:175,12,1,2
BRDA:176,13,0,2
BRDA:176,13,1,20
BRDA:176,14,0,22
BRDA:176,14,1,2
BRDA:180,15,0,20
BRDA:180,15,1,0
BRDA:181,16,0,20
BRDA:181,16,1,0
BRDA:182,17,0,20
BRDA:182,17,1,18
BRDA:183,18,0,20
BRDA:183,18,1,18
BRDA:205,19,0,4
BRDA:205,19,1,4
BRDA:207,20,0,2
BRDA:207,20,1,2
BRDA:217,21,0,4
BRDA:217,21,1,2
BRDA:219,22,0,2
BRDA:219,22,1,2
BRDA:235,23,0,4
BRDA:237,24,0,6
BRDA:237,24,1,2
BRDA:249,25,0,8
BRDA:249,25,1,4
BRDA:280,26,0,0
BRDA:280,26,1,0
BRDA:282,27,0,0
BRDA:282,27,1,0
BRDA:288,28,0,0
BRDA:288,28,1,0
BRDA:289,29,0,0
BRDA:289,29,1,0
BRDA:292,30,0,0
BRDA:292,30,1,0
BRDA:292,31,0,0
BRDA:292,31,1,0
BRDA:307,32,0,2
BRDA:307,32,1,6
BRDA:310,33,0,2
BRDA:310,33,1,4
BRDA:310,34,0,6
BRDA:310,34,1,4
BRF:69
BRH:48
end_of_record
TN:
SF:src/services/connectivityService.ts
FN:19,clearPingTimer
FN:26,clearReconnectedTimer
FN:33,schedulePing
FN:39,(anonymous_3)
FN:44,withTimeout
FN:45,(anonymous_5)
FN:46,(anonymous_6)
FN:48,(anonymous_7)
FN:49,(anonymous_8)
FN:54,pingServer
FN:74,handleServerResult
FN:87,(anonymous_11)
FN:99,handleNetInfoChange
FN:111,startMonitoring
FN:119,(anonymous_14)
FN:127,stopMonitoring
FNF:16
FNH:15
FNDA:104,clearPingTimer
FNDA:74,clearReconnectedTimer
FNDA:24,schedulePing
FNDA:4,(anonymous_3)
FNDA:22,withTimeout
FNDA:22,(anonymous_5)
FNDA:0,(anonymous_6)
FNDA:14,(anonymous_7)
FNDA:8,(anonymous_8)
FNDA:24,pingServer
FNDA:22,handleServerResult
FNDA:2,(anonymous_11)
FNDA:18,handleNetInfoChange
FNDA:28,startMonitoring
FNDA:2,(anonymous_14)
FNDA:60,stopMonitoring
DA:7,2
DA:8,2
DA:9,2
DA:10,2
DA:12,2
DA:13,2
DA:14,2
DA:15,2
DA:16,2
DA:17,2
DA:20,104
DA:21,24
DA:22,24
DA:27,74
DA:28,4
DA:29,4
DA:34,24
DA:35,24
DA:36,24
DA:39,24
DA:40,4
DA:45,22
DA:46,22
DA:47,22
DA:48,14
DA:49,8
DA:55,24
DA:57,24
DA:58,24
DA:59,2
DA:60,2
DA:63,22
DA:64,22
DA:65,22
DA:66,14
DA:68,8
DA:70,22
DA:75,22
DA:76,22
DA:78,22
DA:80,22
DA:81,12
DA:84,22
DA:85,4
DA:86,4
DA:87,4
DA:88,2
DA:90,18
DA:91,10
DA:92,10
DA:95,22
DA:96,22
DA:100,18
DA:101,18
DA:105,18
DA:106,18
DA:107,18
DA:112,28
DA:114,26
DA:115,26
DA:117,26
DA:119,26
DA:120,2
DA:121,2
DA:122,2
DA:128,60
DA:129,26
DA:130,26
DA:132,60
DA:133,26
DA:134,26
DA:136,60
DA:137,60
DA:139,60
DA:140,60
DA:141,60
DA:142,60
DA:143,60
DA:144,60
LF:79
LH:79
BRDA:20,0,0,24
BRDA:20,0,1,80
BRDA:27,1,0,4
BRDA:27,1,1,70
BRDA:36,2,0,14
BRDA:36,2,1,10
BRDA:55,3,0,0
BRDA:55,3,1,24
BRDA:58,4,0,2
BRDA:58,4,1,22
BRDA:80,5,0,12
BRDA:80,5,1,10
BRDA:84,6,0,4
BRDA:84,6,1,18
BRDA:84,7,0,22
BRDA:84,7,1,12
BRDA:84,7,2,4
BRDA:90,8,0,10
BRDA:90,8,1,8
BRDA:100,9,0,18
BRDA:100,9,1,2
BRDA:105,10,0,18
BRDA:105,10,1,0
BRDA:112,11,0,2
BRDA:112,11,1,26
BRDA:120,12,0,2
BRDA:120,12,1,0
BRDA:128,13,0,26
BRDA:128,13,1,34
BRDA:132,14,0,26
BRDA:132,14,1,34
BRF:31
BRH:28
end_of_record
TN:
SF:src/services/downloadSpeedTracker.ts
FN:29,pruneOldSamples
FN:36,(anonymous_1)
FN:53,getDownloadSpeed
FN:56,(anonymous_3)
FN:66,getActiveDownloadCount
FN:75,beginDownload
FN:85,clearDownload
FN:94,__resetForTesting
FNF:8
FNH:8
FNDA:34,pruneOldSamples
FNDA:36,(anonymous_1)
FNDA:10,getDownloadSpeed
FNDA:8,(anonymous_3)
FNDA:14,getActiveDownloadCount
FNDA:20,beginDownload
FNDA:20,clearDownload
FNDA:18,__resetForTesting
DA:12,2
DA:19,2
DA:20,2
DA:27,2
DA:30,34
DA:31,34
DA:32,2
DA:36,2
DA:37,36
DA:39,34
DA:40,34
DA:41,34
DA:43,34
DA:44,24
DA:45,24
DA:54,10
DA:55,10
DA:56,8
DA:57,4
DA:58,4
DA:59,4
DA:67,14
DA:76,20
DA:77,20
DA:86,20
DA:87,20
DA:95,18
DA:96,18
DA:97,18
LF:29
LH:29
BRDA:31,0,0,36
BRDA:31,0,1,34
BRDA:37,1,0,2
BRDA:37,1,1,34
BRDA:39,2,0,34
BRDA:39,2,1,20
BRDA:43,3,0,24
BRDA:43,3,1,10
BRDA:55,4,0,6
BRDA:55,4,1,4
BRDA:58,5,0,0
BRDA:58,5,1,4
BRF:12
BRH:11
end_of_record
TN:
SF:src/services/imageCacheService.ts
FN:87,uriCacheKey
FN:104,initImageCache
FN:113,(anonymous_2)
FN:129,deferredImageCacheInit
FN:134,ensureCacheDir
FN:151,recoverStalledImageDownloadsAsync
FN:208,getCachedImageUri
FN:238,evictUriCacheEntry
FN:248,resolveWaiters
FN:257,resolveAllWaiters
FN:269,cacheAllSizes
FN:274,(anonymous_11)
FN:278,(anonymous_12)
FN:300,processQueue
FN:312,(anonymous_14)
FN:324,processNext
FN:354,downloadAndCacheImage
FN:375,downloadSourceImage
FN:422,generateResizedVariant
FN:475,getImageCacheStats
FN:518,listCachedImagesAsync
FN:549,(anonymous_21)
FN:554,(anonymous_22)
FN:562,deleteCachedImage
FN:598,refreshCachedImage
FN:616,clearImageCache
FNF:26
FNH:20
FNDA:46,uriCacheKey
FNDA:34,initImageCache
FNDA:0,(anonymous_2)
FNDA:0,deferredImageCacheInit
FNDA:40,ensureCacheDir
FNDA:0,recoverStalledImageDownloadsAsync
FNDA:28,getCachedImageUri
FNDA:4,evictUriCacheEntry
FNDA:2,resolveWaiters
FNDA:2,resolveAllWaiters
FNDA:4,cacheAllSizes
FNDA:2,(anonymous_11)
FNDA:2,(anonymous_12)
FNDA:2,processQueue
FNDA:2,(anonymous_14)
FNDA:2,processNext
FNDA:2,downloadAndCacheImage
FNDA:2,downloadSourceImage
FNDA:0,generateResizedVariant
FNDA:4,getImageCacheStats
FNDA:6,listCachedImagesAsync
FNDA:6,(anonymous_21)
FNDA:0,(anonymous_22)
FNDA:4,deleteCachedImage
FNDA:0,refreshCachedImage
FNDA:2,clearImageCache
DA:39,2
DA:42,2
DA:45,2
DA:48,2
DA:51,2
DA:58,2
DA:64,2
DA:65,2
DA:66,2
DA:69,2
DA:72,2
DA:79,2
DA:85,2
DA:88,46
DA:105,34
DA:106,4
DA:107,4
DA:108,2
DA:110,4
DA:112,4
DA:113,2
DA:114,0
DA:115,0
DA:130,0
DA:135,40
DA:136,40
DA:152,0
DA:154,0
DA:156,0
DA:157,0
DA:159,0
DA:162,0
DA:163,0
DA:165,0
DA:166,0
DA:168,0
DA:169,0
DA:171,0
DA:172,0
DA:173,0
DA:174,0
DA:175,0
DA:176,0
DA:178,0
DA:182,0
DA:185,0
DA:186,0
DA:187,0
DA:188,0
DA:190,0
DA:195,0
DA:196,0
DA:212,28
DA:213,26
DA:215,26
DA:216,26
DA:218,24
DA:219,24
DA:220,0
DA:221,0
DA:223,24
DA:224,72
DA:225,72
DA:226,0
DA:227,0
DA:230,24
DA:231,24
DA:239,4
DA:240,4
DA:249,2
DA:250,2
DA:251,2
DA:252,2
DA:258,2
DA:259,0
DA:261,2
DA:270,4
DA:271,2
DA:273,2
DA:274,2
DA:276,2
DA:278,2
DA:279,2
DA:280,2
DA:281,2
DA:283,2
DA:284,0
DA:287,2
DA:288,2
DA:301,2
DA:302,2
DA:303,2
DA:304,2
DA:305,2
DA:306,2
DA:310,2
DA:312,2
DA:314,2
DA:317,2
DA:325,2
DA:326,2
DA:327,2
DA:328,0
DA:330,2
DA:331,2
DA:332,2
DA:336,2
DA:337,2
DA:338,8
DA:339,8
DA:341,2
DA:355,2
DA:356,2
DA:358,2
DA:359,2
DA:360,2
DA:361,2
DA:364,0
DA:365,0
DA:366,0
DA:379,2
DA:380,2
DA:381,2
DA:383,2
DA:384,2
DA:385,2
DA:386,2
DA:388,0
DA:389,0
DA:390,0
DA:391,0
DA:393,0
DA:394,0
DA:395,0
DA:397,0
DA:398,0
DA:399,0
DA:401,0
DA:403,0
DA:404,0
DA:406,0
DA:408,2
DA:409,0
DA:410,0
DA:411,0
DA:414,2
DA:428,0
DA:429,0
DA:430,0
DA:431,0
DA:432,0
DA:433,0
DA:434,0
DA:439,0
DA:440,0
DA:441,0
DA:443,0
DA:444,0
DA:445,0
DA:447,0
DA:449,0
DA:450,0
DA:452,0
DA:453,0
DA:454,0
DA:476,4
DA:477,4
DA:479,4
DA:480,4
DA:481,4
DA:482,2
DA:484,2
DA:487,4
DA:508,2
DA:519,6
DA:521,6
DA:522,6
DA:524,2
DA:527,4
DA:529,4
DA:530,2
DA:532,2
DA:533,2
DA:535,2
DA:536,2
DA:537,2
DA:538,2
DA:539,8
DA:540,8
DA:541,6
DA:542,6
DA:545,0
DA:548,2
DA:549,6
DA:550,2
DA:554,4
DA:555,4
DA:563,4
DA:564,2
DA:566,2
DA:567,8
DA:570,2
DA:571,2
DA:573,2
DA:574,2
DA:575,2
DA:576,2
DA:577,2
DA:578,2
DA:583,2
DA:584,2
DA:589,2
DA:590,2
DA:599,0
DA:600,0
DA:601,0
DA:602,0
DA:603,0
DA:604,0
DA:617,2
DA:618,2
DA:619,2
DA:620,2
DA:624,2
DA:625,2
DA:626,2
DA:627,2
DA:628,2
DA:629,2
DA:630,2
DA:631,2
LF:231
LH:149
BRDA:105,0,0,30
BRDA:105,0,1,4
BRDA:107,1,0,2
BRDA:107,1,1,2
BRDA:112,2,0,2
BRDA:112,2,1,2
BRDA:114,3,0,0
BRDA:114,3,1,0
BRDA:114,4,0,0
BRDA:114,4,1,0
BRDA:135,5,0,0
BRDA:135,5,1,40
BRDA:152,6,0,0
BRDA:152,6,1,0
BRDA:163,7,0,0
BRDA:163,7,1,0
BRDA:166,8,0,0
BRDA:166,8,1,0
BRDA:174,9,0,0
BRDA:174,9,1,0
BRDA:185,10,0,0
BRDA:185,10,1,0
BRDA:185,11,0,0
BRDA:185,11,1,0
BRDA:186,12,0,0
BRDA:186,12,1,0
BRDA:186,13,0,0
BRDA:186,13,1,0
BRDA:195,14,0,0
BRDA:195,14,1,0
BRDA:212,15,0,2
BRDA:212,15,1,26
BRDA:216,16,0,2
BRDA:216,16,1,24
BRDA:219,17,0,0
BRDA:219,17,1,24
BRDA:225,18,0,0
BRDA:225,18,1,72
BRDA:250,19,0,2
BRDA:250,19,1,0
BRDA:270,20,0,2
BRDA:270,20,1,2
BRDA:276,21,0,0
BRDA:276,21,1,2
BRDA:279,22,0,2
BRDA:279,22,1,2
BRDA:283,23,0,0
BRDA:283,23,1,2
BRDA:283,24,0,2
BRDA:283,24,1,2
BRDA:301,25,0,0
BRDA:301,25,1,2
BRDA:327,26,0,0
BRDA:327,26,1,2
BRDA:356,27,0,0
BRDA:356,27,1,2
BRDA:359,28,0,2
BRDA:359,28,1,0
BRDA:361,29,0,2
BRDA:361,29,1,0
BRDA:365,30,0,0
BRDA:365,30,1,0
BRDA:381,31,0,0
BRDA:381,31,1,2
BRDA:386,32,0,0
BRDA:386,32,1,0
BRDA:388,33,0,0
BRDA:388,33,1,0
BRDA:389,34,0,0
BRDA:389,34,1,0
BRDA:398,35,0,0
BRDA:398,35,1,0
BRDA:408,36,0,0
BRDA:408,36,1,2
BRDA:410,37,0,0
BRDA:410,37,1,0
BRDA:444,38,0,0
BRDA:444,38,1,0
BRDA:449,39,0,0
BRDA:449,39,1,0
BRDA:453,40,0,0
BRDA:453,40,1,0
BRDA:530,41,0,0
BRDA:530,41,1,2
BRDA:533,42,0,0
BRDA:533,42,1,2
BRDA:540,43,0,2
BRDA:540,43,1,6
BRDA:548,44,0,2
BRDA:548,44,1,0
BRDA:563,45,0,2
BRDA:563,45,1,2
BRDA:571,46,0,0
BRDA:571,46,1,2
BRDA:589,47,0,2
BRDA:589,47,1,0
BRDA:603,48,0,0
BRDA:603,48,1,0
BRF:98
BRH:38
end_of_record
TN:
SF:src/services/migrationService.ts
FN:36,(anonymous_0)
FN:86,(anonymous_1)
FN:156,getPendingTasks
FN:157,(anonymous_3)
FN:167,runMigrations
FN:181,(anonymous_5)
FNF:6
FNH:6
FNDA:8,(anonymous_0)
FNDA:8,(anonymous_1)
FNDA:22,getPendingTasks
FNDA:44,(anonymous_3)
FNDA:12,runMigrations
FNDA:88,(anonymous_5)
DA:32,2
DA:40,8
DA:53,8
DA:55,8
DA:57,0
DA:58,8
DA:60,8
DA:65,8
DA:66,16
DA:67,80
DA:68,80
DA:69,0
DA:70,0
DA:71,0
DA:73,0
DA:76,80
DA:89,8
DA:90,8
DA:95,0
DA:96,0
DA:99,8
DA:100,8
DA:101,8
DA:104,0
DA:106,0
DA:107,0
DA:109,0
DA:110,0
DA:111,0
DA:112,0
DA:113,0
DA:114,0
DA:115,0
DA:116,0
DA:118,0
DA:121,0
DA:157,44
DA:171,12
DA:172,12
DA:174,12
DA:175,12
DA:176,12
DA:178,12
DA:179,16
DA:180,16
DA:181,88
DA:182,16
DA:183,16
DA:186,12
DA:187,12
DA:189,12
LF:51
LH:31
BRDA:55,0,0,0
BRDA:55,0,1,8
BRDA:58,1,0,8
BRDA:58,1,1,0
BRDA:68,2,0,0
BRDA:68,2,1,80
BRDA:89,3,0,8
BRDA:89,3,1,0
BRDA:95,4,0,0
BRDA:95,4,1,0
BRDA:99,5,0,8
BRDA:99,5,1,0
BRDA:100,6,0,8
BRDA:100,6,1,0
BRDA:113,7,0,0
BRDA:113,7,1,0
BRF:16
BRH:6
end_of_record
TN:
SF:src/services/moreOptionsService.ts
FN:49,toggleStar
FN:55,(anonymous_1)
FN:59,(anonymous_2)
FN:61,(anonymous_3)
FN:63,(anonymous_4)
FN:105,addSongToQueue
FN:113,addAlbumToQueue
FN:127,addPlaylistToQueue
FN:140,removeItemFromQueue
FN:152,playMoreLikeThis
FN:177,playSimilarArtistsMix
FN:203,saveArtistTopSongsPlaylist
FN:218,(anonymous_12)
FNF:13
FNH:11
FNDA:16,toggleStar
FNDA:16,(anonymous_1)
FNDA:2,(anonymous_2)
FNDA:2,(anonymous_3)
FNDA:2,(anonymous_4)
FNDA:2,addSongToQueue
FNDA:8,addAlbumToQueue
FNDA:6,addPlaylistToQueue
FNDA:2,removeItemFromQueue
FNDA:6,playMoreLikeThis
FNDA:6,playSimilarArtistsMix
FNDA:0,saveArtistTopSongsPlaylist
FNDA:0,(anonymous_12)
DA:53,16
DA:55,16
DA:56,16
DA:57,14
DA:59,6
DA:61,4
DA:63,4
DA:67,16
DA:70,16
DA:72,16
DA:73,16
DA:75,8
DA:76,4
DA:77,6
DA:79,4
DA:80,2
DA:81,4
DA:83,4
DA:84,2
DA:85,4
DA:89,14
DA:92,2
DA:95,16
DA:106,2
DA:114,8
DA:115,8
DA:116,6
DA:117,6
DA:119,8
DA:120,4
DA:128,6
DA:129,6
DA:130,4
DA:131,4
DA:133,6
DA:134,4
DA:141,2
DA:153,6
DA:155,6
DA:156,6
DA:157,4
DA:158,2
DA:159,2
DA:162,2
DA:163,2
DA:165,2
DA:178,6
DA:180,6
DA:181,6
DA:182,4
DA:183,2
DA:184,2
DA:187,2
DA:188,2
DA:190,2
DA:204,0
DA:206,0
DA:207,0
DA:208,0
DA:209,0
DA:210,0
DA:213,0
DA:214,0
DA:215,0
DA:218,0
DA:219,0
DA:220,0
DA:221,0
DA:222,0
DA:225,0
DA:226,0
DA:228,0
LF:72
LH:55
BRDA:56,0,0,2
BRDA:56,0,1,14
BRDA:57,1,0,6
BRDA:57,1,1,4
BRDA:57,1,2,4
BRDA:73,2,0,8
BRDA:73,2,1,4
BRDA:73,2,2,4
BRDA:75,3,0,4
BRDA:75,3,1,4
BRDA:79,4,0,2
BRDA:79,4,1,2
BRDA:83,5,0,2
BRDA:83,5,1,2
BRDA:115,6,0,6
BRDA:115,6,1,2
BRDA:119,7,0,4
BRDA:119,7,1,4
BRDA:129,8,0,4
BRDA:129,8,1,2
BRDA:133,9,0,2
BRDA:133,9,1,4
BRDA:157,10,0,2
BRDA:157,10,1,2
BRDA:182,11,0,2
BRDA:182,11,1,2
BRDA:208,12,0,0
BRDA:208,12,1,0
BRDA:210,13,0,0
BRDA:210,13,1,0
BRDA:213,14,0,0
BRDA:213,14,1,0
BRDA:220,15,0,0
BRDA:220,15,1,0
BRF:34
BRH:26
end_of_record
TN:
SF:src/services/musicCacheService.ts
FN:68,getTrackFileExtension
FN:114,initMusicCache
FN:123,(anonymous_2)
FN:139,deferredMusicCacheInit
FN:162,recoverStalledDownloadsAsync
FN:187,(anonymous_5)
FN:199,forceRecoverDownloadsAsync
FN:205,ensureCacheDir
FN:217,populateTrackMapsAsync
FN:260,getLocalTrackUri
FN:266,isItemCached
FN:274,getTrackQueueStatus
FN:278,(anonymous_12)
FN:289,cacheTrackCoverArt
FN:295,(anonymous_14)
FN:305,enqueueAlbumDownload
FN:308,(anonymous_16)
FN:315,(anonymous_17)
FN:336,enqueuePlaylistDownload
FN:339,(anonymous_19)
FN:346,(anonymous_20)
FN:371,processQueue
FN:382,(anonymous_22)
FN:398,downloadItem
FN:408,(anonymous_24)
FN:413,(anonymous_25)
FN:428,(anonymous_26)
FN:487,(anonymous_27)
FN:492,(anonymous_28)
FN:534,downloadTrack
FN:584,retryDownload
FN:586,(anonymous_31)
FN:608,(anonymous_32)
FN:610,(anonymous_33)
FN:624,redownloadItem
FN:642,redownloadTrack
FN:649,(anonymous_36)
FN:698,deleteCachedItem
FN:722,removeCachedPlaylistTrack
FN:750,reorderCachedPlaylistTracks
FN:763,syncCachedPlaylistTracks
FN:788,(anonymous_41)
FN:790,(anonymous_42)
FN:791,(anonymous_43)
FN:793,(anonymous_44)
FN:821,syncCachedItemTracks
FN:828,(anonymous_46)
FN:830,(anonymous_47)
FN:831,(anonymous_48)
FN:835,(anonymous_49)
FN:863,cancelDownload
FN:865,(anonymous_51)
FN:886,clearDownloadQueue
FN:911,clearMusicCache
FN:941,getMusicCacheStats
FN:975,resumeIfSpaceAvailable
FN:990,enqueueStarredSongsDownload
FN:993,(anonymous_57)
FN:1014,deleteStarredSongsDownload
FN:1023,syncStarredSongsDownload
FN:1038,(anonymous_60)
FN:1043,(anonymous_61)
FNF:62
FNH:15
FNDA:0,getTrackFileExtension
FNDA:44,initMusicCache
FNDA:0,(anonymous_2)
FNDA:0,deferredMusicCacheInit
FNDA:0,recoverStalledDownloadsAsync
FNDA:0,(anonymous_5)
FNDA:0,forceRecoverDownloadsAsync
FNDA:16,ensureCacheDir
FNDA:0,populateTrackMapsAsync
FNDA:4,getLocalTrackUri
FNDA:4,isItemCached
FNDA:8,getTrackQueueStatus
FNDA:4,(anonymous_12)
FNDA:0,cacheTrackCoverArt
FNDA:0,(anonymous_14)
FNDA:0,enqueueAlbumDownload
FNDA:0,(anonymous_16)
FNDA:0,(anonymous_17)
FNDA:0,enqueuePlaylistDownload
FNDA:0,(anonymous_19)
FNDA:0,(anonymous_20)
FNDA:8,processQueue
FNDA:0,(anonymous_22)
FNDA:0,downloadItem
FNDA:0,(anonymous_24)
FNDA:0,(anonymous_25)
FNDA:0,(anonymous_26)
FNDA:0,(anonymous_27)
FNDA:0,(anonymous_28)
FNDA:0,downloadTrack
FNDA:0,retryDownload
FNDA:0,(anonymous_31)
FNDA:0,(anonymous_32)
FNDA:0,(anonymous_33)
FNDA:0,redownloadItem
FNDA:0,redownloadTrack
FNDA:0,(anonymous_36)
FNDA:6,deleteCachedItem
FNDA:0,removeCachedPlaylistTrack
FNDA:0,reorderCachedPlaylistTracks
FNDA:0,syncCachedPlaylistTracks
FNDA:0,(anonymous_41)
FNDA:0,(anonymous_42)
FNDA:0,(anonymous_43)
FNDA:0,(anonymous_44)
FNDA:0,syncCachedItemTracks
FNDA:0,(anonymous_46)
FNDA:0,(anonymous_47)
FNDA:0,(anonymous_48)
FNDA:0,(anonymous_49)
FNDA:4,cancelDownload
FNDA:2,(anonymous_51)
FNDA:2,clearDownloadQueue
FNDA:2,clearMusicCache
FNDA:4,getMusicCacheStats
FNDA:10,resumeIfSpaceAvailable
FNDA:0,enqueueStarredSongsDownload
FNDA:0,(anonymous_57)
FNDA:2,deleteStarredSongsDownload
FNDA:0,syncStarredSongsDownload
FNDA:0,(anonymous_60)
FNDA:0,(anonymous_61)
DA:44,2
DA:47,2
DA:50,2
DA:52,2
DA:69,0
DA:70,0
DA:71,0
DA:72,0
DA:73,0
DA:74,0
DA:76,0
DA:83,2
DA:84,2
DA:85,2
DA:86,2
DA:93,2
DA:99,2
DA:115,44
DA:116,4
DA:117,4
DA:118,0
DA:120,4
DA:122,4
DA:123,2
DA:124,0
DA:125,0
DA:140,0
DA:141,0
DA:163,0
DA:165,0
DA:166,0
DA:167,0
DA:169,0
DA:170,0
DA:171,0
DA:172,0
DA:173,0
DA:174,0
DA:175,0
DA:181,0
DA:187,0
DA:188,0
DA:200,0
DA:201,0
DA:202,0
DA:206,16
DA:207,16
DA:218,0
DA:219,0
DA:220,0
DA:223,0
DA:224,0
DA:226,0
DA:229,0
DA:230,0
DA:232,0
DA:233,0
DA:235,0
DA:236,0
DA:237,0
DA:238,0
DA:239,0
DA:240,0
DA:241,0
DA:243,0
DA:244,0
DA:261,4
DA:262,2
DA:267,4
DA:275,8
DA:276,8
DA:277,6
DA:278,4
DA:279,4
DA:282,4
DA:290,0
DA:291,0
DA:292,0
DA:293,0
DA:294,0
DA:295,0
DA:306,0
DA:307,0
DA:308,0
DA:310,0
DA:311,0
DA:312,0
DA:314,0
DA:315,0
DA:317,0
DA:319,0
DA:329,0
DA:337,0
DA:338,0
DA:339,0
DA:341,0
DA:342,0
DA:343,0
DA:345,0
DA:346,0
DA:348,0
DA:350,0
DA:359,0
DA:372,8
DA:373,8
DA:374,8
DA:376,8
DA:377,8
DA:378,8
DA:379,8
DA:381,8
DA:382,8
DA:383,8
DA:385,0
DA:386,0
DA:389,8
DA:390,8
DA:399,0
DA:400,0
DA:401,0
DA:403,0
DA:404,0
DA:405,0
DA:406,0
DA:408,0
DA:409,0
DA:410,0
DA:412,0
DA:413,0
DA:415,0
DA:417,0
DA:418,0
DA:419,0
DA:422,0
DA:423,0
DA:427,0
DA:428,0
DA:429,0
DA:430,0
DA:433,0
DA:435,0
DA:438,0
DA:439,0
DA:440,0
DA:441,0
DA:442,0
DA:443,0
DA:444,0
DA:452,0
DA:453,0
DA:454,0
DA:455,0
DA:458,0
DA:462,0
DA:463,0
DA:464,0
DA:465,0
DA:466,0
DA:467,0
DA:468,0
DA:469,0
DA:470,0
DA:472,0
DA:473,0
DA:479,0
DA:485,0
DA:487,0
DA:489,0
DA:491,0
DA:492,0
DA:494,0
DA:496,0
DA:497,0
DA:507,0
DA:509,0
DA:538,0
DA:540,0
DA:541,0
DA:543,0
DA:544,0
DA:545,0
DA:547,0
DA:548,0
DA:549,0
DA:550,0
DA:552,0
DA:553,0
DA:554,0
DA:556,0
DA:558,0
DA:560,0
DA:562,0
DA:571,0
DA:572,0
DA:573,0
DA:574,0
DA:576,0
DA:585,0
DA:586,0
DA:588,0
DA:590,0
DA:591,0
DA:592,0
DA:594,0
DA:595,0
DA:596,0
DA:599,0
DA:607,0
DA:608,0
DA:609,0
DA:610,0
DA:613,0
DA:614,0
DA:617,0
DA:625,0
DA:626,0
DA:628,0
DA:630,0
DA:631,0
DA:633,0
DA:646,0
DA:647,0
DA:649,0
DA:650,0
DA:652,0
DA:653,0
DA:654,0
DA:656,0
DA:657,0
DA:658,0
DA:660,0
DA:662,0
DA:663,0
DA:664,0
DA:666,0
DA:667,0
DA:670,0
DA:672,0
DA:673,0
DA:674,0
DA:675,0
DA:677,0
DA:683,0
DA:684,0
DA:687,0
DA:689,0
DA:699,6
DA:701,4
DA:702,4
DA:703,4
DA:704,2
DA:705,2
DA:709,4
DA:710,4
DA:711,4
DA:714,4
DA:715,4
DA:723,0
DA:724,0
DA:725,0
DA:727,0
DA:729,0
DA:730,0
DA:731,0
DA:733,0
DA:734,0
DA:735,0
DA:736,0
DA:737,0
DA:738,0
DA:739,0
DA:744,0
DA:755,0
DA:767,0
DA:768,0
DA:770,0
DA:772,0
DA:773,0
DA:774,0
DA:775,0
DA:776,0
DA:777,0
DA:778,0
DA:779,0
DA:780,0
DA:781,0
DA:782,0
DA:788,0
DA:789,0
DA:790,0
DA:791,0
DA:793,0
DA:794,0
DA:795,0
DA:797,0
DA:798,0
DA:825,0
DA:826,0
DA:827,0
DA:828,0
DA:830,0
DA:831,0
DA:833,0
DA:835,0
DA:836,0
DA:839,0
DA:840,0
DA:841,0
DA:844,0
DA:845,0
DA:847,0
DA:857,0
DA:864,4
DA:865,2
DA:867,4
DA:869,2
DA:871,2
DA:872,2
DA:873,2
DA:876,2
DA:877,2
DA:878,2
DA:887,2
DA:888,2
DA:889,4
DA:891,4
DA:892,4
DA:893,4
DA:894,4
DA:898,4
DA:899,4
DA:900,4
DA:903,2
DA:912,2
DA:913,2
DA:915,2
DA:917,2
DA:918,2
DA:919,2
DA:920,2
DA:921,2
DA:923,2
DA:942,4
DA:943,4
DA:945,4
DA:946,4
DA:947,4
DA:948,4
DA:949,2
DA:950,4
DA:951,4
DA:952,4
DA:953,4
DA:954,4
DA:955,4
DA:959,2
DA:960,2
DA:963,4
DA:976,10
DA:977,8
DA:991,0
DA:992,0
DA:993,0
DA:995,0
DA:996,0
DA:998,0
DA:999,0
DA:1001,0
DA:1010,0
DA:1015,2
DA:1024,0
DA:1025,0
DA:1027,0
DA:1028,0
DA:1029,0
DA:1031,0
DA:1034,0
DA:1038,2
DA:1039,0
DA:1040,0
DA:1043,2
DA:1045,0
DA:1048,0
DA:1049,0
DA:1050,0
LF:385
LH:101
BRDA:70,0,0,0
BRDA:70,0,1,0
BRDA:71,1,0,0
BRDA:71,1,1,0
BRDA:72,2,0,0
BRDA:72,2,1,0
BRDA:74,3,0,0
BRDA:74,3,1,0
BRDA:115,4,0,40
BRDA:115,4,1,4
BRDA:117,5,0,0
BRDA:117,5,1,4
BRDA:122,6,0,2
BRDA:122,6,1,2
BRDA:124,7,0,0
BRDA:124,7,1,0
BRDA:124,8,0,0
BRDA:124,8,1,0
BRDA:163,9,0,0
BRDA:163,9,1,0
BRDA:167,10,0,0
BRDA:167,10,1,0
BRDA:170,11,0,0
BRDA:170,11,1,0
BRDA:174,12,0,0
BRDA:174,12,1,0
BRDA:187,13,0,0
BRDA:187,13,1,0
BRDA:187,14,0,0
BRDA:187,14,1,0
BRDA:206,15,0,0
BRDA:206,15,1,16
BRDA:230,16,0,0
BRDA:230,16,1,0
BRDA:233,17,0,0
BRDA:233,17,1,0
BRDA:238,18,0,0
BRDA:238,18,1,0
BRDA:238,19,0,0
BRDA:238,19,1,0
BRDA:239,20,0,0
BRDA:239,20,1,0
BRDA:243,21,0,0
BRDA:243,21,1,0
BRDA:261,22,0,2
BRDA:261,22,1,2
BRDA:262,23,0,2
BRDA:262,23,1,2
BRDA:277,24,0,2
BRDA:277,24,1,4
BRDA:277,25,0,6
BRDA:277,25,1,4
BRDA:278,26,0,4
BRDA:278,26,1,0
BRDA:292,27,0,0
BRDA:292,27,1,0
BRDA:292,28,0,0
BRDA:292,28,1,0
BRDA:294,29,0,0
BRDA:294,29,1,0
BRDA:307,30,0,0
BRDA:307,30,1,0
BRDA:308,31,0,0
BRDA:308,31,1,0
BRDA:312,32,0,0
BRDA:312,32,1,0
BRDA:314,33,0,0
BRDA:314,33,1,0
BRDA:323,34,0,0
BRDA:323,34,1,0
BRDA:338,35,0,0
BRDA:338,35,1,0
BRDA:339,36,0,0
BRDA:339,36,1,0
BRDA:343,37,0,0
BRDA:343,37,1,0
BRDA:345,38,0,0
BRDA:345,38,1,0
BRDA:372,39,0,0
BRDA:372,39,1,8
BRDA:378,40,0,0
BRDA:378,40,1,8
BRDA:379,41,0,0
BRDA:379,41,1,8
BRDA:383,42,0,8
BRDA:383,42,1,0
BRDA:389,43,0,8
BRDA:389,43,1,0
BRDA:401,44,0,0
BRDA:401,44,1,0
BRDA:410,45,0,0
BRDA:410,45,1,0
BRDA:415,46,0,0
BRDA:415,46,1,0
BRDA:415,47,0,0
BRDA:415,47,1,0
BRDA:417,48,0,0
BRDA:417,48,1,0
BRDA:427,49,0,0
BRDA:427,49,1,0
BRDA:429,50,0,0
BRDA:429,50,1,0
BRDA:439,51,0,0
BRDA:439,51,1,0
BRDA:440,52,0,0
BRDA:440,52,1,0
BRDA:442,53,0,0
BRDA:442,53,1,0
BRDA:443,54,0,0
BRDA:443,54,1,0
BRDA:446,55,0,0
BRDA:446,55,1,0
BRDA:447,56,0,0
BRDA:447,56,1,0
BRDA:450,57,0,0
BRDA:450,57,1,0
BRDA:453,58,0,0
BRDA:453,58,1,0
BRDA:464,59,0,0
BRDA:464,59,1,0
BRDA:465,60,0,0
BRDA:465,60,1,0
BRDA:469,61,0,0
BRDA:469,61,1,0
BRDA:494,62,0,0
BRDA:494,62,1,0
BRDA:496,63,0,0
BRDA:496,63,1,0
BRDA:541,64,0,0
BRDA:541,64,1,0
BRDA:553,65,0,0
BRDA:553,65,1,0
BRDA:558,66,0,0
BRDA:558,66,1,0
BRDA:558,67,0,0
BRDA:558,67,1,0
BRDA:564,68,0,0
BRDA:564,68,1,0
BRDA:565,69,0,0
BRDA:565,69,1,0
BRDA:568,70,0,0
BRDA:568,70,1,0
BRDA:573,71,0,0
BRDA:573,71,1,0
BRDA:588,72,0,0
BRDA:588,72,1,0
BRDA:588,73,0,0
BRDA:588,73,1,0
BRDA:591,74,0,0
BRDA:591,74,1,0
BRDA:610,75,0,0
BRDA:610,75,1,0
BRDA:613,76,0,0
BRDA:613,76,1,0
BRDA:613,77,0,0
BRDA:613,77,1,0
BRDA:613,77,2,0
BRDA:626,78,0,0
BRDA:626,78,1,0
BRDA:630,79,0,0
BRDA:630,79,1,0
BRDA:647,80,0,0
BRDA:647,80,1,0
BRDA:650,81,0,0
BRDA:650,81,1,0
BRDA:654,82,0,0
BRDA:654,82,1,0
BRDA:657,83,0,0
BRDA:657,83,1,0
BRDA:664,84,0,0
BRDA:664,84,1,0
BRDA:667,85,0,0
BRDA:667,85,1,0
BRDA:669,86,0,0
BRDA:669,86,1,0
BRDA:675,87,0,0
BRDA:675,87,1,0
BRDA:675,88,0,0
BRDA:675,88,1,0
BRDA:699,89,0,2
BRDA:699,89,1,4
BRDA:702,90,0,4
BRDA:702,90,1,0
BRDA:710,91,0,4
BRDA:710,91,1,0
BRDA:724,92,0,0
BRDA:724,92,1,0
BRDA:724,93,0,0
BRDA:724,93,1,0
BRDA:725,94,0,0
BRDA:725,94,1,0
BRDA:725,95,0,0
BRDA:725,95,1,0
BRDA:731,96,0,0
BRDA:731,96,1,0
BRDA:733,97,0,0
BRDA:733,97,1,0
BRDA:736,98,0,0
BRDA:736,98,1,0
BRDA:738,99,0,0
BRDA:738,99,1,0
BRDA:768,100,0,0
BRDA:768,100,1,0
BRDA:768,101,0,0
BRDA:768,101,1,0
BRDA:773,102,0,0
BRDA:773,102,1,0
BRDA:776,103,0,0
BRDA:776,103,1,0
BRDA:776,104,0,0
BRDA:776,104,1,0
BRDA:779,105,0,0
BRDA:779,105,1,0
BRDA:781,106,0,0
BRDA:781,106,1,0
BRDA:827,107,0,0
BRDA:827,107,1,0
BRDA:828,108,0,0
BRDA:828,108,1,0
BRDA:836,109,0,0
BRDA:836,109,1,0
BRDA:841,110,0,0
BRDA:841,110,1,0
BRDA:867,111,0,2
BRDA:867,111,1,2
BRDA:872,112,0,2
BRDA:872,112,1,0
BRDA:891,113,0,4
BRDA:891,113,1,0
BRDA:893,114,0,4
BRDA:893,114,1,0
BRDA:951,115,0,0
BRDA:951,115,1,4
BRDA:976,116,0,8
BRDA:976,116,1,2
BRDA:992,117,0,0
BRDA:992,117,1,0
BRDA:993,118,0,0
BRDA:993,118,1,0
BRDA:996,119,0,0
BRDA:996,119,1,0
BRDA:1027,120,0,0
BRDA:1027,120,1,0
BRDA:1028,121,0,0
BRDA:1028,121,1,0
BRDA:1039,122,0,0
BRDA:1039,122,1,0
BRDA:1045,123,0,0
BRDA:1045,123,1,0
BRDA:1048,124,0,0
BRDA:1048,124,1,0
BRDA:1048,125,0,0
BRDA:1048,125,1,0
BRDA:1048,125,2,0
BRDA:1049,126,0,0
BRDA:1049,126,1,0
BRF:256
BRH:32
end_of_record
TN:
SF:src/services/musicbrainzService.ts
FN:62,searchArtistMBID
FN:95,searchArtists
FN:128,getArtistBiography
FNF:3
FNH:3
FNDA:10,searchArtistMBID
FNDA:10,searchArtists
FNDA:12,getArtistBiography
DA:13,2
DA:14,2
DA:15,2
DA:63,10
DA:64,10
DA:65,10
DA:67,10
DA:74,8
DA:76,6
DA:78,6
DA:79,2
DA:82,4
DA:84,2
DA:99,10
DA:100,10
DA:102,10
DA:109,8
DA:111,6
DA:113,6
DA:115,2
DA:129,12
DA:130,12
DA:132,12
DA:139,10
DA:141,8
DA:143,8
DA:145,2
LF:27
LH:27
BRDA:74,0,0,2
BRDA:74,0,1,6
BRDA:78,1,0,2
BRDA:78,1,1,4
BRDA:78,2,0,6
BRDA:78,2,1,4
BRDA:97,3,0,8
BRDA:109,4,0,2
BRDA:109,4,1,6
BRDA:113,5,0,6
BRDA:113,5,1,2
BRDA:139,6,0,2
BRDA:139,6,1,8
BRDA:143,7,0,8
BRDA:143,7,1,2
BRF:15
BRH:15
end_of_record
TN:
SF:src/services/playbackService.ts
FN:11,playbackService
FN:12,(anonymous_1)
FN:13,(anonymous_2)
FN:14,(anonymous_3)
FN:15,(anonymous_4)
FN:16,(anonymous_5)
FN:17,(anonymous_6)
FNF:7
FNH:7
FNDA:14,playbackService
FNDA:2,(anonymous_1)
FNDA:2,(anonymous_2)
FNDA:2,(anonymous_3)
FNDA:2,(anonymous_4)
FNDA:2,(anonymous_5)
FNDA:2,(anonymous_6)
DA:11,2
DA:12,14
DA:13,14
DA:14,14
DA:15,14
DA:16,14
DA:17,14
LF:7
LH:7
BRF:0
BRH:0
end_of_record
TN:
SF:src/services/playerService.ts
FN:40,mapRepeatMode
FN:52,mapState
FN:80,mimeFromUri
FN:86,childToTrack
FN:168,startProgressPolling
FN:170,(anonymous_5)
FN:194,stopProgressPolling
FN:213,recoverTranscodedStream
FN:220,(anonymous_8)
FN:226,(anonymous_9)
FN:261,initPlayer
FN:302,(anonymous_11)
FN:319,(anonymous_12)
FN:348,(anonymous_13)
FN:367,(anonymous_14)
FN:376,(anonymous_15)
FN:388,(anonymous_16)
FN:392,(anonymous_17)
FN:399,(anonymous_18)
FN:408,(anonymous_19)
FN:441,(anonymous_20)
FN:480,(anonymous_21)
FN:500,(anonymous_22)
FN:515,syncStoreFromNative
FN:523,(anonymous_24)
FN:556,resetScrobbleCoordination
FN:571,playTrack
FN:586,(anonymous_27)
FN:609,togglePlayPause
FN:619,skipToNext
FN:625,skipToPrevious
FN:639,seekTo
FN:681,skipToTrack
FN:688,retryPlayback
FN:699,clearQueue
FN:728,addToQueue
FN:753,removeFromQueue
FN:764,(anonymous_37)
FN:785,cycleRepeatMode
FN:800,cyclePlaybackRate
FN:813,shuffleQueue
FNF:41
FNH:19
FNDA:8,mapRepeatMode
FNDA:0,mapState
FNDA:0,mimeFromUri
FNDA:50,childToTrack
FNDA:0,startProgressPolling
FNDA:0,(anonymous_5)
FNDA:6,stopProgressPolling
FNDA:0,recoverTranscodedStream
FNDA:0,(anonymous_8)
FNDA:0,(anonymous_9)
FNDA:26,initPlayer
FNDA:0,(anonymous_11)
FNDA:0,(anonymous_12)
FNDA:0,(anonymous_13)
FNDA:0,(anonymous_14)
FNDA:0,(anonymous_15)
FNDA:0,(anonymous_16)
FNDA:0,(anonymous_17)
FNDA:0,(anonymous_18)
FNDA:0,(anonymous_19)
FNDA:0,(anonymous_20)
FNDA:0,(anonymous_21)
FNDA:0,(anonymous_22)
FNDA:0,syncStoreFromNative
FNDA:0,(anonymous_24)
FNDA:28,resetScrobbleCoordination
FNDA:20,playTrack
FNDA:22,(anonymous_27)
FNDA:4,togglePlayPause
FNDA:2,skipToNext
FNDA:2,skipToPrevious
FNDA:4,seekTo
FNDA:2,skipToTrack
FNDA:2,retryPlayback
FNDA:6,clearQueue
FNDA:6,addToQueue
FNDA:6,removeFromQueue
FNDA:0,(anonymous_37)
FNDA:6,cycleRepeatMode
FNDA:4,cyclePlaybackRate
FNDA:4,shuffleQueue
DA:41,8
DA:43,2
DA:45,2
DA:47,4
DA:53,0
DA:55,0
DA:57,0
DA:59,0
DA:61,0
DA:64,0
DA:66,0
DA:70,2
DA:81,0
DA:82,0
DA:87,50
DA:88,50
DA:89,50
DA:90,50
DA:106,2
DA:108,2
DA:110,2
DA:117,2
DA:124,2
DA:126,2
DA:132,2
DA:138,2
DA:144,2
DA:151,2
DA:153,2
DA:155,2
DA:161,2
DA:169,0
DA:170,0
DA:171,0
DA:172,0
DA:175,0
DA:177,0
DA:178,0
DA:182,0
DA:185,0
DA:186,0
DA:195,6
DA:196,0
DA:197,0
DA:214,0
DA:218,0
DA:220,0
DA:221,0
DA:223,0
DA:224,0
DA:226,0
DA:227,0
DA:229,0
DA:230,0
DA:231,0
DA:234,0
DA:237,0
DA:238,0
DA:240,0
DA:244,0
DA:247,0
DA:249,0
DA:262,26
DA:264,2
DA:265,2
DA:283,2
DA:296,2
DA:297,2
DA:298,2
DA:302,2
DA:303,0
DA:304,0
DA:306,0
DA:308,0
DA:309,0
DA:310,0
DA:311,0
DA:313,0
DA:315,0
DA:319,2
DA:321,0
DA:322,0
DA:323,0
DA:329,0
DA:330,0
DA:331,0
DA:332,0
DA:333,0
DA:334,0
DA:335,0
DA:336,0
DA:337,0
DA:338,0
DA:344,0
DA:345,0
DA:346,0
DA:348,0
DA:349,0
DA:350,0
DA:356,0
DA:360,0
DA:361,0
DA:367,2
DA:368,0
DA:376,2
DA:377,0
DA:378,0
DA:388,2
DA:389,0
DA:392,2
DA:393,0
DA:394,0
DA:395,0
DA:399,2
DA:400,0
DA:408,2
DA:409,0
DA:419,0
DA:424,0
DA:426,0
DA:430,0
DA:435,0
DA:436,0
DA:438,0
DA:441,2
DA:443,0
DA:447,0
DA:448,0
DA:449,0
DA:450,0
DA:455,0
DA:456,0
DA:460,0
DA:461,0
DA:464,0
DA:468,0
DA:472,0
DA:473,0
DA:476,0
DA:478,0
DA:479,0
DA:480,0
DA:481,0
DA:484,0
DA:486,0
DA:489,0
DA:493,0
DA:494,0
DA:500,2
DA:501,0
DA:502,0
DA:505,2
DA:507,2
DA:516,0
DA:517,0
DA:518,0
DA:520,0
DA:521,0
DA:522,0
DA:523,0
DA:524,0
DA:527,0
DA:529,0
DA:531,0
DA:532,0
DA:536,0
DA:538,0
DA:539,0
DA:541,0
DA:546,0
DA:548,0
DA:557,28
DA:558,28
DA:572,20
DA:573,20
DA:574,20
DA:575,20
DA:576,20
DA:577,20
DA:579,20
DA:580,20
DA:582,20
DA:583,20
DA:585,20
DA:586,22
DA:588,20
DA:589,20
DA:591,18
DA:592,2
DA:595,18
DA:596,18
DA:598,2
DA:602,20
DA:603,20
DA:604,20
DA:610,4
DA:611,4
DA:612,2
DA:614,2
DA:620,2
DA:621,2
DA:626,2
DA:627,2
DA:642,4
DA:646,4
DA:647,0
DA:648,0
DA:649,0
DA:650,0
DA:653,4
DA:656,4
DA:663,4
DA:664,0
DA:665,0
DA:667,0
DA:668,0
DA:669,0
DA:670,0
DA:671,0
DA:675,4
DA:676,4
DA:677,4
DA:682,2
DA:683,2
DA:684,2
DA:689,2
DA:690,2
DA:700,6
DA:701,6
DA:702,6
DA:703,6
DA:704,6
DA:705,6
DA:706,6
DA:707,6
DA:708,6
DA:710,6
DA:712,6
DA:713,6
DA:714,6
DA:715,6
DA:716,6
DA:717,6
DA:718,6
DA:729,6
DA:732,4
DA:733,2
DA:734,2
DA:737,2
DA:739,2
DA:740,2
DA:742,2
DA:743,2
DA:754,6
DA:757,2
DA:758,2
DA:759,2
DA:762,0
DA:764,0
DA:765,0
DA:771,0
DA:772,0
DA:773,0
DA:786,6
DA:788,6
DA:789,6
DA:790,6
DA:801,4
DA:802,4
DA:803,4
DA:804,4
DA:805,4
DA:806,4
DA:814,4
DA:816,2
DA:817,2
DA:818,2
DA:819,2
DA:820,2
DA:821,2
DA:822,2
DA:824,2
DA:825,2
DA:828,2
DA:829,2
DA:830,8
DA:831,8
DA:834,2
DA:835,2
DA:838,2
DA:839,2
DA:840,2
DA:842,2
DA:843,2
DA:844,2
LF:295
LH:149
BRDA:41,0,0,2
BRDA:41,0,1,2
BRDA:41,0,2,4
BRDA:53,1,0,0
BRDA:53,1,1,0
BRDA:53,1,2,0
BRDA:53,1,3,0
BRDA:53,1,4,0
BRDA:53,1,5,0
BRDA:53,1,6,0
BRDA:82,2,0,0
BRDA:82,2,1,0
BRDA:88,3,0,50
BRDA:88,3,1,0
BRDA:89,4,0,0
BRDA:89,4,1,50
BRDA:92,5,0,50
BRDA:92,5,1,50
BRDA:92,5,2,0
BRDA:94,6,0,50
BRDA:94,6,1,0
BRDA:95,7,0,50
BRDA:95,7,1,0
BRDA:96,8,0,50
BRDA:96,8,1,50
BRDA:96,8,2,0
BRDA:96,9,0,50
BRDA:96,9,1,0
BRDA:97,10,0,50
BRDA:97,10,1,0
BRDA:98,11,0,0
BRDA:98,11,1,50
BRDA:169,12,0,0
BRDA:169,12,1,0
BRDA:175,13,0,0
BRDA:175,13,1,0
BRDA:177,14,0,0
BRDA:177,14,1,0
BRDA:195,15,0,0
BRDA:195,15,1,6
BRDA:221,16,0,0
BRDA:221,16,1,0
BRDA:224,17,0,0
BRDA:224,17,1,0
BRDA:227,18,0,0
BRDA:227,18,1,0
BRDA:231,19,0,0
BRDA:231,19,1,0
BRDA:262,20,0,24
BRDA:262,20,1,2
BRDA:306,21,0,0
BRDA:306,21,1,0
BRDA:308,22,0,0
BRDA:308,22,1,0
BRDA:309,23,0,0
BRDA:309,23,1,0
BRDA:311,24,0,0
BRDA:311,24,1,0
BRDA:311,25,0,0
BRDA:311,25,1,0
BRDA:321,26,0,0
BRDA:321,26,1,0
BRDA:322,27,0,0
BRDA:322,27,1,0
BRDA:329,28,0,0
BRDA:329,28,1,0
BRDA:329,29,0,0
BRDA:329,29,1,0
BRDA:331,30,0,0
BRDA:331,30,1,0
BRDA:332,31,0,0
BRDA:332,31,1,0
BRDA:332,32,0,0
BRDA:332,32,1,0
BRDA:334,33,0,0
BRDA:334,33,1,0
BRDA:335,34,0,0
BRDA:335,34,1,0
BRDA:344,35,0,0
BRDA:344,35,1,0
BRDA:382,36,0,0
BRDA:382,36,1,0
BRDA:383,37,0,0
BRDA:383,37,1,0
BRDA:394,38,0,0
BRDA:394,38,1,0
BRDA:419,39,0,0
BRDA:419,39,1,0
BRDA:419,40,0,0
BRDA:419,40,1,0
BRDA:424,41,0,0
BRDA:424,41,1,0
BRDA:426,42,0,0
BRDA:426,42,1,0
BRDA:427,43,0,0
BRDA:427,43,1,0
BRDA:427,43,2,0
BRDA:435,44,0,0
BRDA:435,44,1,0
BRDA:443,45,0,0
BRDA:443,45,1,0
BRDA:447,46,0,0
BRDA:447,46,1,0
BRDA:447,47,0,0
BRDA:447,47,1,0
BRDA:455,48,0,0
BRDA:455,48,1,0
BRDA:455,49,0,0
BRDA:455,49,1,0
BRDA:455,49,2,0
BRDA:460,50,0,0
BRDA:460,50,1,0
BRDA:460,51,0,0
BRDA:460,51,1,0
BRDA:460,51,2,0
BRDA:461,52,0,0
BRDA:461,52,1,0
BRDA:479,53,0,0
BRDA:479,53,1,0
BRDA:479,54,0,0
BRDA:479,54,1,0
BRDA:480,55,0,0
BRDA:480,55,1,0
BRDA:481,56,0,0
BRDA:481,56,1,0
BRDA:493,57,0,0
BRDA:493,57,1,0
BRDA:501,58,0,0
BRDA:501,58,1,0
BRDA:522,59,0,0
BRDA:522,59,1,0
BRDA:523,60,0,0
BRDA:523,60,1,0
BRDA:524,61,0,0
BRDA:524,61,1,0
BRDA:529,62,0,0
BRDA:529,62,1,0
BRDA:531,63,0,0
BRDA:531,63,1,0
BRDA:541,64,0,0
BRDA:541,64,1,0
BRDA:542,65,0,0
BRDA:542,65,1,0
BRDA:542,65,2,0
BRDA:591,66,0,2
BRDA:591,66,1,16
BRDA:599,67,0,2
BRDA:599,67,1,0
BRDA:611,68,0,2
BRDA:611,68,1,2
BRDA:646,69,0,0
BRDA:646,69,1,4
BRDA:663,70,0,0
BRDA:663,70,1,4
BRDA:663,71,0,4
BRDA:663,71,1,0
BRDA:663,71,2,0
BRDA:665,72,0,0
BRDA:665,72,1,0
BRDA:667,73,0,0
BRDA:667,73,1,0
BRDA:729,74,0,2
BRDA:729,74,1,4
BRDA:732,75,0,2
BRDA:732,75,1,2
BRDA:754,76,0,4
BRDA:754,76,1,2
BRDA:754,77,0,6
BRDA:754,77,1,4
BRDA:757,78,0,2
BRDA:757,78,1,0
BRDA:772,79,0,0
BRDA:772,79,1,0
BRDA:772,80,0,0
BRDA:772,80,1,0
BRDA:788,81,0,2
BRDA:788,81,1,4
BRDA:788,82,0,2
BRDA:788,82,1,2
BRDA:814,83,0,2
BRDA:814,83,1,2
BRF:181
BRH:40
end_of_record
TN:
SF:src/services/scanService.ts
FN:15,startPolling
FN:17,(anonymous_1)
FN:31,stopPolling
FN:42,fetchScanStatus
FN:63,startScan
FNF:5
FNH:5
FNDA:20,startPolling
FNDA:14,(anonymous_1)
FNDA:66,stopPolling
FNDA:8,fetchScanStatus
FNDA:8,startScan
DA:7,2
DA:9,2
DA:16,20
DA:17,18
DA:18,14
DA:19,14
DA:20,12
DA:21,12
DA:22,2
DA:32,66
DA:33,18
DA:34,18
DA:43,8
DA:44,8
DA:45,8
DA:46,8
DA:47,6
DA:48,6
DA:49,2
DA:51,4
DA:54,2
DA:56,8
DA:64,8
DA:65,8
DA:66,8
DA:67,8
DA:68,6
DA:69,6
DA:70,4
DA:73,2
DA:75,8
LF:31
LH:31
BRDA:16,0,0,2
BRDA:16,0,1,18
BRDA:19,1,0,12
BRDA:19,1,1,2
BRDA:21,2,0,2
BRDA:21,2,1,10
BRDA:32,3,0,18
BRDA:32,3,1,48
BRDA:46,4,0,6
BRDA:46,4,1,2
BRDA:48,5,0,2
BRDA:48,5,1,4
BRDA:67,6,0,6
BRDA:67,6,1,2
BRDA:69,7,0,4
BRDA:69,7,1,2
BRF:16
BRH:16
end_of_record
TN:
SF:src/services/scrobbleService.ts
FN:37,initScrobbleService
FN:48,(anonymous_1)
FN:59,sendNowPlaying
FN:73,addCompletedScrobble
FN:92,processScrobbles
FN:104,(anonymous_5)
FNF:6
FNH:4
FNDA:0,initScrobbleService
FNDA:0,(anonymous_1)
FNDA:6,sendNowPlaying
FNDA:22,addCompletedScrobble
FNDA:14,processScrobbles
FNDA:2,(anonymous_5)
DA:20,2
DA:21,2
DA:22,2
DA:24,2
DA:38,0
DA:39,0
DA:42,0
DA:45,0
DA:48,0
DA:49,0
DA:50,0
DA:60,6
DA:61,6
DA:62,4
DA:63,4
DA:74,22
DA:75,14
DA:76,14
DA:93,14
DA:94,14
DA:96,14
DA:97,14
DA:98,14
DA:102,8
DA:103,8
DA:104,2
DA:106,8
DA:108,8
DA:110,10
DA:111,2
DA:112,2
DA:115,8
DA:117,8
DA:118,8
DA:119,4
DA:122,4
DA:123,4
DA:124,2
DA:127,2
DA:131,6
DA:132,6
DA:133,6
DA:134,6
DA:144,8
DA:145,6
DA:148,14
LF:46
LH:39
BRDA:38,0,0,0
BRDA:38,0,1,0
BRDA:49,1,0,0
BRDA:49,1,1,0
BRDA:49,2,0,0
BRDA:49,2,1,0
BRDA:61,3,0,2
BRDA:61,3,1,4
BRDA:74,4,0,8
BRDA:74,4,1,14
BRDA:74,5,0,22
BRDA:74,5,1,16
BRDA:93,6,0,0
BRDA:93,6,1,14
BRDA:98,7,0,6
BRDA:98,7,1,8
BRDA:110,8,0,2
BRDA:110,8,1,8
BRDA:131,9,0,6
BRDA:131,9,1,0
BRDA:144,10,0,6
BRDA:144,10,1,2
BRF:22
BRH:14
end_of_record
TN:
SF:src/services/sslTrustService.ts
FN:18,initSslTrustStore
FN:23,(anonymous_1)
FN:29,(anonymous_2)
FN:38,syncToNative
FN:52,trustCertificateForHost
FN:65,removeTrustForHost
FNF:6
FNH:6
FNDA:16,initSslTrustStore
FNDA:2,(anonymous_1)
FNDA:4,(anonymous_2)
FNDA:4,syncToNative
FNDA:2,trustCertificateForHost
FNDA:2,removeTrustForHost
DA:8,14
DA:19,16
DA:20,14
DA:23,14
DA:24,2
DA:29,14
DA:30,4
DA:39,4
DA:40,4
DA:41,6
DA:42,6
DA:44,2
DA:57,2
DA:59,2
DA:66,2
DA:67,2
LF:16
LH:16
BRDA:19,0,0,2
BRDA:19,0,1,14
BRF:2
BRH:2
end_of_record
TN:
SF:src/services/storageService.ts
FN:18,getFreeDiskSpace
FN:22,getTotalDiskSpace
FN:32,getCurrentCacheUsage
FN:42,getEffectiveBudget
FN:59,getStorageBreakdown
FN:85,checkStorageLimit
FNF:6
FNH:6
FNDA:10,getFreeDiskSpace
FNDA:10,getTotalDiskSpace
FNDA:16,getCurrentCacheUsage
FNDA:24,getEffectiveBudget
FNDA:10,getStorageBreakdown
FNDA:8,checkStorageLimit
DA:16,2
DA:19,10
DA:23,10
DA:33,16
DA:34,16
DA:35,16
DA:43,24
DA:44,24
DA:45,14
DA:47,10
DA:60,10
DA:61,10
DA:62,10
DA:63,10
DA:65,10
DA:69,10
DA:86,8
DA:87,8
DA:88,2
DA:89,2
DA:92,6
DA:93,6
DA:94,6
DA:95,6
LF:24
LH:24
BRDA:19,0,0,10
BRDA:19,0,1,0
BRDA:23,1,0,10
BRDA:23,1,1,0
BRDA:44,2,0,14
BRDA:44,2,1,10
BRDA:44,3,0,24
BRDA:44,3,1,16
BRDA:65,4,0,6
BRDA:65,4,1,4
BRDA:87,5,0,2
BRDA:87,5,1,6
BRF:12
BRH:10
end_of_record
TN:
SF:src/services/subsonicService.ts
FN:21,(anonymous_0)
FN:30,normalizeServerUrl
FN:47,login
FN:81,getApi
FN:101,clearApiCache
FN:111,ensureCoverArtAuth
FN:118,(anonymous_6)
FN:138,stripCoverArtSuffix
FN:146,getCoverArtUrl
FN:168,getStreamUrl
FN:212,getDownloadStreamUrl
FN:239,getRecentlyAddedAlbums
FN:246,getRecentlyPlayedAlbums
FN:253,getFrequentlyPlayedAlbums
FN:260,getRandomAlbums
FN:267,getAlbum
FN:282,searchAllAlbums
FN:297,getAlbumListAlphabetical
FN:315,getAllAlbumsAlphabetical
FN:333,getAllArtists
FN:338,(anonymous_20)
FN:344,getArtist
FN:355,getArtistInfo2
FN:371,getTopSongs
FN:386,getSimilarSongs
FN:401,getSimilarSongs2
FN:415,getAllPlaylists
FN:425,getPlaylist
FN:435,deletePlaylist
FN:451,updatePlaylistOrder
FN:469,createNewPlaylist
FN:486,addToPlaylist
FN:503,removeFromPlaylist
FN:517,fetchServerInfo
FN:540,(anonymous_34)
FN:567,getStarred2
FN:587,search3
FN:615,starAlbum
FN:624,unstarAlbum
FN:633,starArtist
FN:642,unstarArtist
FN:651,starSong
FN:660,unstarSong
FN:670,setRating
FN:690,getScanStatus
FN:710,startScan
FN:730,getShares
FN:741,createShare
FN:765,createShareMultiple
FN:780,(anonymous_49)
FN:799,(anonymous_50)
FN:813,updateShare
FN:831,deleteShare
FNF:53
FNH:22
FNDA:0,(anonymous_0)
FNDA:128,normalizeServerUrl
FNDA:22,login
FNDA:60,getApi
FNDA:116,clearApiCache
FNDA:32,ensureCoverArtAuth
FNDA:416,(anonymous_6)
FNDA:22,stripCoverArtSuffix
FNDA:12,getCoverArtUrl
FNDA:12,getStreamUrl
FNDA:10,getDownloadStreamUrl
FNDA:2,getRecentlyAddedAlbums
FNDA:0,getRecentlyPlayedAlbums
FNDA:0,getFrequentlyPlayedAlbums
FNDA:0,getRandomAlbums
FNDA:6,getAlbum
FNDA:0,searchAllAlbums
FNDA:0,getAlbumListAlphabetical
FNDA:0,getAllAlbumsAlphabetical
FNDA:2,getAllArtists
FNDA:0,(anonymous_20)
FNDA:0,getArtist
FNDA:0,getArtistInfo2
FNDA:2,getTopSongs
FNDA:0,getSimilarSongs
FNDA:0,getSimilarSongs2
FNDA:2,getAllPlaylists
FNDA:0,getPlaylist
FNDA:4,deletePlaylist
FNDA:0,updatePlaylistOrder
FNDA:0,createNewPlaylist
FNDA:0,addToPlaylist
FNDA:0,removeFromPlaylist
FNDA:0,fetchServerInfo
FNDA:0,(anonymous_34)
FNDA:2,getStarred2
FNDA:2,search3
FNDA:0,starAlbum
FNDA:0,unstarAlbum
FNDA:0,starArtist
FNDA:0,unstarArtist
FNDA:2,starSong
FNDA:2,unstarSong
FNDA:2,setRating
FNDA:2,getScanStatus
FNDA:0,startScan
FNDA:0,getShares
FNDA:0,createShare
FNDA:0,createShareMultiple
FNDA:0,(anonymous_49)
FNDA:0,(anonymous_50)
FNDA:0,updateShare
FNDA:0,deleteShare
DA:20,2
DA:22,0
DA:23,0
DA:28,2
DA:31,128
DA:32,128
DA:33,6
DA:35,128
DA:38,2
DA:39,2
DA:41,2
DA:42,2
DA:43,2
DA:52,22
DA:53,22
DA:60,22
DA:61,22
DA:63,18
DA:64,6
DA:66,6
DA:67,6
DA:71,12
DA:74,12
DA:76,4
DA:77,4
DA:82,60
DA:83,58
DA:84,58
DA:85,20
DA:87,38
DA:88,38
DA:89,16
DA:91,22
DA:97,22
DA:98,22
DA:102,116
DA:103,116
DA:104,116
DA:105,116
DA:106,116
DA:112,32
DA:113,32
DA:114,26
DA:115,26
DA:116,26
DA:117,26
DA:118,416
DA:120,26
DA:125,26
DA:126,26
DA:127,26
DA:136,2
DA:139,22
DA:140,22
DA:141,10
DA:142,10
DA:143,8
DA:147,12
DA:148,12
DA:149,8
DA:150,6
DA:151,6
DA:159,6
DA:160,6
DA:172,12
DA:173,12
DA:174,8
DA:175,8
DA:176,8
DA:187,8
DA:188,8
DA:189,2
DA:191,8
DA:192,2
DA:194,8
DA:195,2
DA:199,8
DA:200,2
DA:203,8
DA:213,10
DA:214,10
DA:215,6
DA:216,6
DA:217,6
DA:228,6
DA:229,6
DA:230,2
DA:232,6
DA:233,2
DA:236,6
DA:240,2
DA:241,2
DA:242,0
DA:243,0
DA:247,0
DA:248,0
DA:249,0
DA:250,0
DA:254,0
DA:255,0
DA:256,0
DA:257,0
DA:261,0
DA:262,0
DA:263,0
DA:264,0
DA:268,6
DA:269,6
DA:270,4
DA:271,4
DA:272,2
DA:274,2
DA:283,0
DA:284,0
DA:285,0
DA:291,0
DA:301,0
DA:302,0
DA:303,0
DA:308,0
DA:316,0
DA:317,0
DA:318,0
DA:320,0
DA:321,0
DA:322,0
DA:323,0
DA:324,0
DA:326,0
DA:334,2
DA:335,2
DA:336,0
DA:337,0
DA:338,0
DA:345,0
DA:346,0
DA:347,0
DA:348,0
DA:356,0
DA:357,0
DA:358,0
DA:359,0
DA:360,0
DA:363,0
DA:372,2
DA:373,2
DA:374,0
DA:375,0
DA:376,0
DA:378,0
DA:387,0
DA:388,0
DA:389,0
DA:390,0
DA:391,0
DA:393,0
DA:402,0
DA:403,0
DA:404,0
DA:405,0
DA:406,0
DA:408,0
DA:416,2
DA:417,2
DA:418,0
DA:419,0
DA:426,0
DA:427,0
DA:428,0
DA:429,0
DA:436,4
DA:437,4
DA:438,4
DA:439,4
DA:440,2
DA:442,2
DA:456,0
DA:457,0
DA:458,0
DA:459,0
DA:460,0
DA:462,0
DA:473,0
DA:474,0
DA:475,0
DA:476,0
DA:477,0
DA:479,0
DA:490,0
DA:491,0
DA:492,0
DA:493,0
DA:494,0
DA:496,0
DA:507,0
DA:508,0
DA:509,0
DA:510,0
DA:511,0
DA:513,0
DA:518,0
DA:519,0
DA:521,0
DA:522,0
DA:523,0
DA:525,0
DA:526,0
DA:529,0
DA:531,0
DA:535,0
DA:536,0
DA:537,0
DA:538,0
DA:539,0
DA:540,0
DA:550,0
DA:559,0
DA:572,2
DA:573,2
DA:574,0
DA:575,0
DA:576,0
DA:592,2
DA:593,2
DA:594,0
DA:600,0
DA:601,0
DA:616,0
DA:617,0
DA:618,0
DA:625,0
DA:626,0
DA:627,0
DA:634,0
DA:635,0
DA:636,0
DA:643,0
DA:644,0
DA:645,0
DA:652,2
DA:653,2
DA:654,2
DA:661,2
DA:662,2
DA:663,2
DA:671,2
DA:672,2
DA:673,2
DA:691,2
DA:692,2
DA:693,0
DA:694,0
DA:695,0
DA:702,0
DA:711,0
DA:712,0
DA:713,0
DA:714,0
DA:715,0
DA:722,0
DA:731,0
DA:732,0
DA:733,0
DA:734,0
DA:735,0
DA:737,0
DA:746,0
DA:747,0
DA:748,0
DA:749,0
DA:750,0
DA:751,0
DA:752,0
DA:753,0
DA:754,0
DA:756,0
DA:770,0
DA:771,0
DA:773,0
DA:774,0
DA:776,0
DA:777,0
DA:778,0
DA:779,0
DA:780,0
DA:782,0
DA:788,0
DA:796,0
DA:797,0
DA:799,0
DA:800,0
DA:802,0
DA:803,0
DA:804,0
DA:805,0
DA:806,0
DA:807,0
DA:809,0
DA:818,0
DA:819,0
DA:820,0
DA:821,0
DA:822,0
DA:823,0
DA:824,0
DA:825,0
DA:827,0
DA:832,0
DA:833,0
DA:834,0
DA:835,0
DA:836,0
DA:838,0
LF:313
LH:123
BRDA:32,0,0,6
BRDA:32,0,1,122
BRDA:32,1,0,128
BRDA:32,1,1,126
BRDA:63,2,0,6
BRDA:63,2,1,12
BRDA:66,3,0,6
BRDA:66,3,1,4
BRDA:66,4,0,2
BRDA:66,4,1,2
BRDA:71,5,0,2
BRDA:71,5,1,10
BRDA:71,6,0,12
BRDA:71,6,1,2
BRDA:74,7,0,12
BRDA:74,7,1,0
BRDA:76,8,0,2
BRDA:76,8,1,2
BRDA:82,9,0,2
BRDA:82,9,1,58
BRDA:84,10,0,20
BRDA:84,10,1,38
BRDA:84,11,0,58
BRDA:84,11,1,40
BRDA:84,11,2,38
BRDA:84,11,3,38
BRDA:88,12,0,16
BRDA:88,12,1,22
BRDA:88,13,0,38
BRDA:88,13,1,16
BRDA:113,14,0,6
BRDA:113,14,1,26
BRDA:113,15,0,32
BRDA:113,15,1,26
BRDA:113,15,2,26
BRDA:113,15,3,26
BRDA:115,16,0,0
BRDA:115,16,1,26
BRDA:115,17,0,26
BRDA:115,17,1,0
BRDA:115,17,2,0
BRDA:140,18,0,12
BRDA:140,18,1,10
BRDA:142,19,0,2
BRDA:142,19,1,8
BRDA:148,20,0,4
BRDA:148,20,1,8
BRDA:148,21,0,12
BRDA:148,21,1,10
BRDA:148,21,2,8
BRDA:148,21,3,8
BRDA:149,22,0,2
BRDA:149,22,1,6
BRDA:149,23,0,8
BRDA:149,23,1,6
BRDA:149,23,2,6
BRDA:159,24,0,2
BRDA:159,24,1,4
BRDA:159,25,0,6
BRDA:159,25,1,2
BRDA:173,26,0,4
BRDA:173,26,1,8
BRDA:173,27,0,12
BRDA:173,27,1,10
BRDA:173,27,2,8
BRDA:173,27,3,8
BRDA:174,28,0,0
BRDA:174,28,1,8
BRDA:174,29,0,8
BRDA:174,29,1,8
BRDA:174,29,2,8
BRDA:188,30,0,2
BRDA:188,30,1,6
BRDA:191,31,0,2
BRDA:191,31,1,6
BRDA:194,32,0,2
BRDA:194,32,1,6
BRDA:199,33,0,2
BRDA:199,33,1,6
BRDA:199,34,0,8
BRDA:199,34,1,4
BRDA:214,35,0,4
BRDA:214,35,1,6
BRDA:214,36,0,10
BRDA:214,36,1,8
BRDA:214,36,2,6
BRDA:214,36,3,6
BRDA:215,37,0,0
BRDA:215,37,1,6
BRDA:215,38,0,6
BRDA:215,38,1,6
BRDA:215,38,2,6
BRDA:229,39,0,2
BRDA:229,39,1,4
BRDA:232,40,0,2
BRDA:232,40,1,4
BRDA:241,41,0,2
BRDA:241,41,1,0
BRDA:242,42,0,0
BRDA:242,42,1,0
BRDA:243,43,0,0
BRDA:243,43,1,0
BRDA:248,44,0,0
BRDA:248,44,1,0
BRDA:249,45,0,0
BRDA:249,45,1,0
BRDA:250,46,0,0
BRDA:250,46,1,0
BRDA:255,47,0,0
BRDA:255,47,1,0
BRDA:256,48,0,0
BRDA:256,48,1,0
BRDA:257,49,0,0
BRDA:257,49,1,0
BRDA:262,50,0,0
BRDA:262,50,1,0
BRDA:263,51,0,0
BRDA:263,51,1,0
BRDA:264,52,0,0
BRDA:264,52,1,0
BRDA:269,53,0,2
BRDA:269,53,1,4
BRDA:272,54,0,2
BRDA:272,54,1,0
BRDA:284,55,0,0
BRDA:284,55,1,0
BRDA:291,56,0,0
BRDA:291,56,1,0
BRDA:302,57,0,0
BRDA:302,57,1,0
BRDA:308,58,0,0
BRDA:308,58,1,0
BRDA:323,59,0,0
BRDA:323,59,1,0
BRDA:335,60,0,2
BRDA:335,60,1,0
BRDA:337,61,0,0
BRDA:337,61,1,0
BRDA:338,62,0,0
BRDA:338,62,1,0
BRDA:346,63,0,0
BRDA:346,63,1,0
BRDA:348,64,0,0
BRDA:348,64,1,0
BRDA:357,65,0,0
BRDA:357,65,1,0
BRDA:360,66,0,0
BRDA:360,66,1,0
BRDA:371,67,0,2
BRDA:373,68,0,2
BRDA:373,68,1,0
BRDA:376,69,0,0
BRDA:376,69,1,0
BRDA:386,70,0,0
BRDA:388,71,0,0
BRDA:388,71,1,0
BRDA:391,72,0,0
BRDA:391,72,1,0
BRDA:401,73,0,0
BRDA:403,74,0,0
BRDA:403,74,1,0
BRDA:406,75,0,0
BRDA:406,75,1,0
BRDA:417,76,0,2
BRDA:417,76,1,0
BRDA:419,77,0,0
BRDA:419,77,1,0
BRDA:427,78,0,0
BRDA:427,78,1,0
BRDA:429,79,0,0
BRDA:429,79,1,0
BRDA:437,80,0,0
BRDA:437,80,1,4
BRDA:457,81,0,0
BRDA:457,81,1,0
BRDA:474,82,0,0
BRDA:474,82,1,0
BRDA:491,83,0,0
BRDA:491,83,1,0
BRDA:508,84,0,0
BRDA:508,84,1,0
BRDA:519,85,0,0
BRDA:519,85,1,0
BRDA:523,86,0,0
BRDA:523,86,1,0
BRDA:525,87,0,0
BRDA:525,87,1,0
BRDA:527,88,0,0
BRDA:527,88,1,0
BRDA:529,89,0,0
BRDA:529,89,1,0
BRDA:529,90,0,0
BRDA:529,90,1,0
BRDA:531,91,0,0
BRDA:531,91,1,0
BRDA:531,92,0,0
BRDA:531,92,1,0
BRDA:536,93,0,0
BRDA:536,93,1,0
BRDA:539,94,0,0
BRDA:539,94,1,0
BRDA:539,95,0,0
BRDA:539,95,1,0
BRDA:542,96,0,0
BRDA:542,96,1,0
BRDA:573,97,0,2
BRDA:573,97,1,0
BRDA:577,98,0,0
BRDA:577,98,1,0
BRDA:578,99,0,0
BRDA:578,99,1,0
BRDA:579,100,0,0
BRDA:579,100,1,0
BRDA:593,101,0,2
BRDA:593,101,1,0
BRDA:593,102,0,2
BRDA:593,102,1,0
BRDA:602,103,0,0
BRDA:602,103,1,0
BRDA:603,104,0,0
BRDA:603,104,1,0
BRDA:604,105,0,0
BRDA:604,105,1,0
BRDA:617,106,0,0
BRDA:617,106,1,0
BRDA:626,107,0,0
BRDA:626,107,1,0
BRDA:635,108,0,0
BRDA:635,108,1,0
BRDA:644,109,0,0
BRDA:644,109,1,0
BRDA:653,110,0,0
BRDA:653,110,1,2
BRDA:662,111,0,0
BRDA:662,111,1,2
BRDA:672,112,0,0
BRDA:672,112,1,2
BRDA:692,113,0,2
BRDA:692,113,1,0
BRDA:697,114,0,0
BRDA:697,114,1,0
BRDA:698,115,0,0
BRDA:698,115,1,0
BRDA:699,116,0,0
BRDA:699,116,1,0
BRDA:712,117,0,0
BRDA:712,117,1,0
BRDA:714,118,0,0
BRDA:714,118,1,0
BRDA:717,119,0,0
BRDA:717,119,1,0
BRDA:732,120,0,0
BRDA:732,120,1,0
BRDA:735,121,0,0
BRDA:735,121,1,0
BRDA:747,122,0,0
BRDA:747,122,1,0
BRDA:750,123,0,0
BRDA:750,123,1,0
BRDA:751,124,0,0
BRDA:751,124,1,0
BRDA:753,125,0,0
BRDA:753,125,1,0
BRDA:754,126,0,0
BRDA:754,126,1,0
BRDA:770,127,0,0
BRDA:770,127,1,0
BRDA:771,128,0,0
BRDA:771,128,1,0
BRDA:774,129,0,0
BRDA:774,129,1,0
BRDA:774,130,0,0
BRDA:774,130,1,0
BRDA:774,130,2,0
BRDA:774,130,3,0
BRDA:796,131,0,0
BRDA:796,131,1,0
BRDA:797,132,0,0
BRDA:797,132,1,0
BRDA:805,133,0,0
BRDA:805,133,1,0
BRDA:806,134,0,0
BRDA:806,134,1,0
BRDA:807,135,0,0
BRDA:807,135,1,0
BRDA:819,136,0,0
BRDA:819,136,1,0
BRDA:822,137,0,0
BRDA:822,137,1,0
BRDA:823,138,0,0
BRDA:823,138,1,0
BRDA:833,139,0,0
BRDA:833,139,1,0
BRF:293
BRH:106
end_of_record
